[2025-01-14T15:53:26.416+0000] {processor.py:157} INFO - Started process (PID=37) to work on /opt/airflow/dags/reddit_dag.py
[2025-01-14T15:53:26.417+0000] {processor.py:829} INFO - Processing file /opt/airflow/dags/reddit_dag.py for tasks to queue
[2025-01-14T15:53:26.420+0000] {logging_mixin.py:151} INFO - [2025-01-14T15:53:26.420+0000] {dagbag.py:536} INFO - Filling up the DagBag from /opt/airflow/dags/reddit_dag.py
[2025-01-14T15:53:26.977+0000] {logging_mixin.py:151} INFO - [2025-01-14T15:53:26.974+0000] {dagbag.py:346} ERROR - Failed to import: /opt/airflow/dags/reddit_dag.py
Traceback (most recent call last):
  File "/home/airflow/.local/lib/python3.9/site-packages/airflow/models/dagbag.py", line 342, in parse
    loader.exec_module(new_module)
  File "<frozen importlib._bootstrap_external>", line 850, in exec_module
  File "<frozen importlib._bootstrap>", line 228, in _call_with_frames_removed
  File "/opt/airflow/dags/reddit_dag.py", line 11, in <module>
    from pipelines.reddit_pipeline import reddit_pipeline
  File "/opt/airflow/pipelines/reddit_pipeline.py", line 3, in <module>
    from etls.reddit_etl import connect_reddit, extract_posts, transform_data, load_data_to_csv
  File "/opt/airflow/etls/reddit_etl.py", line 8, in <module>
    from utils.constants import POST_FIELDS
  File "/opt/airflow/utils/constants.py", line 17, in <module>
    AWS_ACCESS_KEY_ID = parser.get('aws', 'aws_access_key_id')
  File "/usr/local/lib/python3.9/configparser.py", line 781, in get
    d = self._unify_values(section, vars)
  File "/usr/local/lib/python3.9/configparser.py", line 1152, in _unify_values
    raise NoSectionError(section) from None
configparser.NoSectionError: No section: 'aws'
[2025-01-14T15:53:26.977+0000] {processor.py:841} WARNING - No viable dags retrieved from /opt/airflow/dags/reddit_dag.py
[2025-01-14T15:53:27.004+0000] {processor.py:179} INFO - Processing /opt/airflow/dags/reddit_dag.py took 0.591 seconds
[2025-01-14T15:53:57.161+0000] {processor.py:157} INFO - Started process (PID=51) to work on /opt/airflow/dags/reddit_dag.py
[2025-01-14T15:53:57.162+0000] {processor.py:829} INFO - Processing file /opt/airflow/dags/reddit_dag.py for tasks to queue
[2025-01-14T15:53:57.167+0000] {logging_mixin.py:151} INFO - [2025-01-14T15:53:57.167+0000] {dagbag.py:536} INFO - Filling up the DagBag from /opt/airflow/dags/reddit_dag.py
[2025-01-14T15:53:57.612+0000] {logging_mixin.py:151} INFO - [2025-01-14T15:53:57.611+0000] {dagbag.py:346} ERROR - Failed to import: /opt/airflow/dags/reddit_dag.py
Traceback (most recent call last):
  File "/home/airflow/.local/lib/python3.9/site-packages/airflow/models/dagbag.py", line 342, in parse
    loader.exec_module(new_module)
  File "<frozen importlib._bootstrap_external>", line 850, in exec_module
  File "<frozen importlib._bootstrap>", line 228, in _call_with_frames_removed
  File "/opt/airflow/dags/reddit_dag.py", line 11, in <module>
    from pipelines.reddit_pipeline import reddit_pipeline
  File "/opt/airflow/pipelines/reddit_pipeline.py", line 3, in <module>
    from etls.reddit_etl import connect_reddit, extract_posts, transform_data, load_data_to_csv
  File "/opt/airflow/etls/reddit_etl.py", line 8, in <module>
    from utils.constants import POST_FIELDS
  File "/opt/airflow/utils/constants.py", line 17, in <module>
    AWS_ACCESS_KEY_ID = parser.get('aws', 'aws_access_key_id')
  File "/usr/local/lib/python3.9/configparser.py", line 781, in get
    d = self._unify_values(section, vars)
  File "/usr/local/lib/python3.9/configparser.py", line 1152, in _unify_values
    raise NoSectionError(section) from None
configparser.NoSectionError: No section: 'aws'
[2025-01-14T15:53:57.613+0000] {processor.py:841} WARNING - No viable dags retrieved from /opt/airflow/dags/reddit_dag.py
[2025-01-14T15:53:57.628+0000] {processor.py:179} INFO - Processing /opt/airflow/dags/reddit_dag.py took 0.470 seconds
[2025-01-14T15:54:27.694+0000] {processor.py:157} INFO - Started process (PID=53) to work on /opt/airflow/dags/reddit_dag.py
[2025-01-14T15:54:27.695+0000] {processor.py:829} INFO - Processing file /opt/airflow/dags/reddit_dag.py for tasks to queue
[2025-01-14T15:54:27.696+0000] {logging_mixin.py:151} INFO - [2025-01-14T15:54:27.696+0000] {dagbag.py:536} INFO - Filling up the DagBag from /opt/airflow/dags/reddit_dag.py
[2025-01-14T15:54:28.136+0000] {logging_mixin.py:151} INFO - [2025-01-14T15:54:28.135+0000] {dagbag.py:346} ERROR - Failed to import: /opt/airflow/dags/reddit_dag.py
Traceback (most recent call last):
  File "/home/airflow/.local/lib/python3.9/site-packages/airflow/models/dagbag.py", line 342, in parse
    loader.exec_module(new_module)
  File "<frozen importlib._bootstrap_external>", line 850, in exec_module
  File "<frozen importlib._bootstrap>", line 228, in _call_with_frames_removed
  File "/opt/airflow/dags/reddit_dag.py", line 11, in <module>
    from pipelines.reddit_pipeline import reddit_pipeline
  File "/opt/airflow/pipelines/reddit_pipeline.py", line 3, in <module>
    from etls.reddit_etl import connect_reddit, extract_posts, transform_data, load_data_to_csv
  File "/opt/airflow/etls/reddit_etl.py", line 8, in <module>
    from utils.constants import POST_FIELDS
  File "/opt/airflow/utils/constants.py", line 17, in <module>
    AWS_ACCESS_KEY_ID = parser.get('aws', 'aws_access_key_id')
  File "/usr/local/lib/python3.9/configparser.py", line 781, in get
    d = self._unify_values(section, vars)
  File "/usr/local/lib/python3.9/configparser.py", line 1152, in _unify_values
    raise NoSectionError(section) from None
configparser.NoSectionError: No section: 'aws'
[2025-01-14T15:54:28.136+0000] {processor.py:841} WARNING - No viable dags retrieved from /opt/airflow/dags/reddit_dag.py
[2025-01-14T15:54:28.152+0000] {processor.py:179} INFO - Processing /opt/airflow/dags/reddit_dag.py took 0.461 seconds
[2025-01-14T15:54:58.280+0000] {processor.py:157} INFO - Started process (PID=55) to work on /opt/airflow/dags/reddit_dag.py
[2025-01-14T15:54:58.281+0000] {processor.py:829} INFO - Processing file /opt/airflow/dags/reddit_dag.py for tasks to queue
[2025-01-14T15:54:58.283+0000] {logging_mixin.py:151} INFO - [2025-01-14T15:54:58.283+0000] {dagbag.py:536} INFO - Filling up the DagBag from /opt/airflow/dags/reddit_dag.py
[2025-01-14T15:54:58.718+0000] {logging_mixin.py:151} INFO - [2025-01-14T15:54:58.717+0000] {dagbag.py:346} ERROR - Failed to import: /opt/airflow/dags/reddit_dag.py
Traceback (most recent call last):
  File "/home/airflow/.local/lib/python3.9/site-packages/airflow/models/dagbag.py", line 342, in parse
    loader.exec_module(new_module)
  File "<frozen importlib._bootstrap_external>", line 850, in exec_module
  File "<frozen importlib._bootstrap>", line 228, in _call_with_frames_removed
  File "/opt/airflow/dags/reddit_dag.py", line 11, in <module>
    from pipelines.reddit_pipeline import reddit_pipeline
  File "/opt/airflow/pipelines/reddit_pipeline.py", line 3, in <module>
    from etls.reddit_etl import connect_reddit, extract_posts, transform_data, load_data_to_csv
  File "/opt/airflow/etls/reddit_etl.py", line 8, in <module>
    from utils.constants import POST_FIELDS
  File "/opt/airflow/utils/constants.py", line 17, in <module>
    AWS_ACCESS_KEY_ID = parser.get('aws', 'aws_access_key_id')
  File "/usr/local/lib/python3.9/configparser.py", line 781, in get
    d = self._unify_values(section, vars)
  File "/usr/local/lib/python3.9/configparser.py", line 1152, in _unify_values
    raise NoSectionError(section) from None
configparser.NoSectionError: No section: 'aws'
[2025-01-14T15:54:58.718+0000] {processor.py:841} WARNING - No viable dags retrieved from /opt/airflow/dags/reddit_dag.py
[2025-01-14T15:54:58.736+0000] {processor.py:179} INFO - Processing /opt/airflow/dags/reddit_dag.py took 0.458 seconds
[2025-01-14T15:55:28.877+0000] {processor.py:157} INFO - Started process (PID=57) to work on /opt/airflow/dags/reddit_dag.py
[2025-01-14T15:55:28.879+0000] {processor.py:829} INFO - Processing file /opt/airflow/dags/reddit_dag.py for tasks to queue
[2025-01-14T15:55:28.881+0000] {logging_mixin.py:151} INFO - [2025-01-14T15:55:28.880+0000] {dagbag.py:536} INFO - Filling up the DagBag from /opt/airflow/dags/reddit_dag.py
[2025-01-14T15:55:29.336+0000] {logging_mixin.py:151} INFO - [2025-01-14T15:55:29.334+0000] {dagbag.py:346} ERROR - Failed to import: /opt/airflow/dags/reddit_dag.py
Traceback (most recent call last):
  File "/home/airflow/.local/lib/python3.9/site-packages/airflow/models/dagbag.py", line 342, in parse
    loader.exec_module(new_module)
  File "<frozen importlib._bootstrap_external>", line 850, in exec_module
  File "<frozen importlib._bootstrap>", line 228, in _call_with_frames_removed
  File "/opt/airflow/dags/reddit_dag.py", line 11, in <module>
    from pipelines.reddit_pipeline import reddit_pipeline
  File "/opt/airflow/pipelines/reddit_pipeline.py", line 3, in <module>
    from etls.reddit_etl import connect_reddit, extract_posts, transform_data, load_data_to_csv
  File "/opt/airflow/etls/reddit_etl.py", line 8, in <module>
    from utils.constants import POST_FIELDS
  File "/opt/airflow/utils/constants.py", line 17, in <module>
    AWS_ACCESS_KEY_ID = parser.get('aws', 'aws_access_key_id')
  File "/usr/local/lib/python3.9/configparser.py", line 781, in get
    d = self._unify_values(section, vars)
  File "/usr/local/lib/python3.9/configparser.py", line 1152, in _unify_values
    raise NoSectionError(section) from None
configparser.NoSectionError: No section: 'aws'
[2025-01-14T15:55:29.336+0000] {processor.py:841} WARNING - No viable dags retrieved from /opt/airflow/dags/reddit_dag.py
[2025-01-14T15:55:29.353+0000] {processor.py:179} INFO - Processing /opt/airflow/dags/reddit_dag.py took 0.479 seconds
[2025-01-14T15:55:59.489+0000] {processor.py:157} INFO - Started process (PID=59) to work on /opt/airflow/dags/reddit_dag.py
[2025-01-14T15:55:59.491+0000] {processor.py:829} INFO - Processing file /opt/airflow/dags/reddit_dag.py for tasks to queue
[2025-01-14T15:55:59.493+0000] {logging_mixin.py:151} INFO - [2025-01-14T15:55:59.493+0000] {dagbag.py:536} INFO - Filling up the DagBag from /opt/airflow/dags/reddit_dag.py
[2025-01-14T15:55:59.957+0000] {logging_mixin.py:151} INFO - [2025-01-14T15:55:59.955+0000] {dagbag.py:346} ERROR - Failed to import: /opt/airflow/dags/reddit_dag.py
Traceback (most recent call last):
  File "/home/airflow/.local/lib/python3.9/site-packages/airflow/models/dagbag.py", line 342, in parse
    loader.exec_module(new_module)
  File "<frozen importlib._bootstrap_external>", line 850, in exec_module
  File "<frozen importlib._bootstrap>", line 228, in _call_with_frames_removed
  File "/opt/airflow/dags/reddit_dag.py", line 11, in <module>
    from pipelines.reddit_pipeline import reddit_pipeline
  File "/opt/airflow/pipelines/reddit_pipeline.py", line 3, in <module>
    from etls.reddit_etl import connect_reddit, extract_posts, transform_data, load_data_to_csv
  File "/opt/airflow/etls/reddit_etl.py", line 8, in <module>
    from utils.constants import POST_FIELDS
  File "/opt/airflow/utils/constants.py", line 17, in <module>
    AWS_ACCESS_KEY_ID = parser.get('aws', 'aws_access_key_id')
  File "/usr/local/lib/python3.9/configparser.py", line 781, in get
    d = self._unify_values(section, vars)
  File "/usr/local/lib/python3.9/configparser.py", line 1152, in _unify_values
    raise NoSectionError(section) from None
configparser.NoSectionError: No section: 'aws'
[2025-01-14T15:55:59.957+0000] {processor.py:841} WARNING - No viable dags retrieved from /opt/airflow/dags/reddit_dag.py
[2025-01-14T15:55:59.972+0000] {processor.py:179} INFO - Processing /opt/airflow/dags/reddit_dag.py took 0.486 seconds
[2025-01-14T15:56:30.110+0000] {processor.py:157} INFO - Started process (PID=61) to work on /opt/airflow/dags/reddit_dag.py
[2025-01-14T15:56:30.111+0000] {processor.py:829} INFO - Processing file /opt/airflow/dags/reddit_dag.py for tasks to queue
[2025-01-14T15:56:30.112+0000] {logging_mixin.py:151} INFO - [2025-01-14T15:56:30.112+0000] {dagbag.py:536} INFO - Filling up the DagBag from /opt/airflow/dags/reddit_dag.py
[2025-01-14T15:56:30.553+0000] {logging_mixin.py:151} INFO - [2025-01-14T15:56:30.551+0000] {dagbag.py:346} ERROR - Failed to import: /opt/airflow/dags/reddit_dag.py
Traceback (most recent call last):
  File "/home/airflow/.local/lib/python3.9/site-packages/airflow/models/dagbag.py", line 342, in parse
    loader.exec_module(new_module)
  File "<frozen importlib._bootstrap_external>", line 850, in exec_module
  File "<frozen importlib._bootstrap>", line 228, in _call_with_frames_removed
  File "/opt/airflow/dags/reddit_dag.py", line 11, in <module>
    from pipelines.reddit_pipeline import reddit_pipeline
  File "/opt/airflow/pipelines/reddit_pipeline.py", line 3, in <module>
    from etls.reddit_etl import connect_reddit, extract_posts, transform_data, load_data_to_csv
  File "/opt/airflow/etls/reddit_etl.py", line 8, in <module>
    from utils.constants import POST_FIELDS
  File "/opt/airflow/utils/constants.py", line 17, in <module>
    AWS_ACCESS_KEY_ID = parser.get('aws', 'aws_access_key_id')
  File "/usr/local/lib/python3.9/configparser.py", line 781, in get
    d = self._unify_values(section, vars)
  File "/usr/local/lib/python3.9/configparser.py", line 1152, in _unify_values
    raise NoSectionError(section) from None
configparser.NoSectionError: No section: 'aws'
[2025-01-14T15:56:30.553+0000] {processor.py:841} WARNING - No viable dags retrieved from /opt/airflow/dags/reddit_dag.py
[2025-01-14T15:56:30.567+0000] {processor.py:179} INFO - Processing /opt/airflow/dags/reddit_dag.py took 0.459 seconds
[2025-01-14T15:57:00.705+0000] {processor.py:157} INFO - Started process (PID=63) to work on /opt/airflow/dags/reddit_dag.py
[2025-01-14T15:57:00.707+0000] {processor.py:829} INFO - Processing file /opt/airflow/dags/reddit_dag.py for tasks to queue
[2025-01-14T15:57:00.823+0000] {logging_mixin.py:151} INFO - [2025-01-14T15:57:00.823+0000] {dagbag.py:536} INFO - Filling up the DagBag from /opt/airflow/dags/reddit_dag.py
[2025-01-14T15:57:01.108+0000] {logging_mixin.py:151} INFO - [2025-01-14T15:57:01.107+0000] {dagbag.py:346} ERROR - Failed to import: /opt/airflow/dags/reddit_dag.py
Traceback (most recent call last):
  File "/home/airflow/.local/lib/python3.9/site-packages/airflow/models/dagbag.py", line 342, in parse
    loader.exec_module(new_module)
  File "<frozen importlib._bootstrap_external>", line 850, in exec_module
  File "<frozen importlib._bootstrap>", line 228, in _call_with_frames_removed
  File "/opt/airflow/dags/reddit_dag.py", line 11, in <module>
    from pipelines.reddit_pipeline import reddit_pipeline
  File "/opt/airflow/pipelines/reddit_pipeline.py", line 3, in <module>
    from etls.reddit_etl import connect_reddit, extract_posts, transform_data, load_data_to_csv
  File "/opt/airflow/etls/reddit_etl.py", line 8, in <module>
    from utils.constants import POST_FIELDS
  File "/opt/airflow/utils/constants.py", line 17, in <module>
    AWS_ACCESS_KEY_ID = parser.get('aws', 'aws_access_key_id')
  File "/usr/local/lib/python3.9/configparser.py", line 781, in get
    d = self._unify_values(section, vars)
  File "/usr/local/lib/python3.9/configparser.py", line 1152, in _unify_values
    raise NoSectionError(section) from None
configparser.NoSectionError: No section: 'aws'
[2025-01-14T15:57:01.109+0000] {processor.py:841} WARNING - No viable dags retrieved from /opt/airflow/dags/reddit_dag.py
[2025-01-14T15:57:01.123+0000] {processor.py:179} INFO - Processing /opt/airflow/dags/reddit_dag.py took 0.421 seconds
[2025-01-14T15:57:31.254+0000] {processor.py:157} INFO - Started process (PID=65) to work on /opt/airflow/dags/reddit_dag.py
[2025-01-14T15:57:31.255+0000] {processor.py:829} INFO - Processing file /opt/airflow/dags/reddit_dag.py for tasks to queue
[2025-01-14T15:57:31.256+0000] {logging_mixin.py:151} INFO - [2025-01-14T15:57:31.256+0000] {dagbag.py:536} INFO - Filling up the DagBag from /opt/airflow/dags/reddit_dag.py
[2025-01-14T15:57:31.591+0000] {logging_mixin.py:151} INFO - [2025-01-14T15:57:31.589+0000] {dagbag.py:346} ERROR - Failed to import: /opt/airflow/dags/reddit_dag.py
Traceback (most recent call last):
  File "/home/airflow/.local/lib/python3.9/site-packages/airflow/models/dagbag.py", line 342, in parse
    loader.exec_module(new_module)
  File "<frozen importlib._bootstrap_external>", line 850, in exec_module
  File "<frozen importlib._bootstrap>", line 228, in _call_with_frames_removed
  File "/opt/airflow/dags/reddit_dag.py", line 11, in <module>
    from pipelines.reddit_pipeline import reddit_pipeline
  File "/opt/airflow/pipelines/reddit_pipeline.py", line 3, in <module>
    from etls.reddit_etl import connect_reddit, extract_posts, transform_data, load_data_to_csv
  File "/opt/airflow/etls/reddit_etl.py", line 8, in <module>
    from utils.constants import POST_FIELDS
  File "/opt/airflow/utils/constants.py", line 17, in <module>
    AWS_ACCESS_KEY_ID = parser.get('aws', 'aws_access_key_id')
  File "/usr/local/lib/python3.9/configparser.py", line 781, in get
    d = self._unify_values(section, vars)
  File "/usr/local/lib/python3.9/configparser.py", line 1152, in _unify_values
    raise NoSectionError(section) from None
configparser.NoSectionError: No section: 'aws'
[2025-01-14T15:57:31.592+0000] {processor.py:841} WARNING - No viable dags retrieved from /opt/airflow/dags/reddit_dag.py
[2025-01-14T15:57:31.609+0000] {processor.py:179} INFO - Processing /opt/airflow/dags/reddit_dag.py took 0.359 seconds
[2025-01-14T15:58:01.736+0000] {processor.py:157} INFO - Started process (PID=67) to work on /opt/airflow/dags/reddit_dag.py
[2025-01-14T15:58:01.738+0000] {processor.py:829} INFO - Processing file /opt/airflow/dags/reddit_dag.py for tasks to queue
[2025-01-14T15:58:01.740+0000] {logging_mixin.py:151} INFO - [2025-01-14T15:58:01.740+0000] {dagbag.py:536} INFO - Filling up the DagBag from /opt/airflow/dags/reddit_dag.py
[2025-01-14T15:58:02.053+0000] {logging_mixin.py:151} INFO - [2025-01-14T15:58:02.051+0000] {dagbag.py:346} ERROR - Failed to import: /opt/airflow/dags/reddit_dag.py
Traceback (most recent call last):
  File "/usr/local/lib/python3.9/configparser.py", line 789, in get
    value = d[option]
  File "/usr/local/lib/python3.9/collections/__init__.py", line 941, in __getitem__
    return self.__missing__(key)            # support subclasses that define __missing__
  File "/usr/local/lib/python3.9/collections/__init__.py", line 933, in __missing__
    raise KeyError(key)
KeyError: 'aws_access_key_id'

During handling of the above exception, another exception occurred:

Traceback (most recent call last):
  File "/home/airflow/.local/lib/python3.9/site-packages/airflow/models/dagbag.py", line 342, in parse
    loader.exec_module(new_module)
  File "<frozen importlib._bootstrap_external>", line 850, in exec_module
  File "<frozen importlib._bootstrap>", line 228, in _call_with_frames_removed
  File "/opt/airflow/dags/reddit_dag.py", line 11, in <module>
    from pipelines.reddit_pipeline import reddit_pipeline
  File "/opt/airflow/pipelines/reddit_pipeline.py", line 3, in <module>
    from etls.reddit_etl import connect_reddit, extract_posts, transform_data, load_data_to_csv
  File "/opt/airflow/etls/reddit_etl.py", line 8, in <module>
    from utils.constants import POST_FIELDS
  File "/opt/airflow/utils/constants.py", line 17, in <module>
    AWS_ACCESS_KEY_ID = parser.get('aws', 'aws_access_key_id')
  File "/usr/local/lib/python3.9/configparser.py", line 792, in get
    raise NoOptionError(option, section)
configparser.NoOptionError: No option 'aws_access_key_id' in section: 'aws'
[2025-01-14T15:58:02.053+0000] {processor.py:841} WARNING - No viable dags retrieved from /opt/airflow/dags/reddit_dag.py
[2025-01-14T15:58:02.070+0000] {processor.py:179} INFO - Processing /opt/airflow/dags/reddit_dag.py took 0.337 seconds
[2025-01-14T15:58:32.200+0000] {processor.py:157} INFO - Started process (PID=69) to work on /opt/airflow/dags/reddit_dag.py
[2025-01-14T15:58:32.200+0000] {processor.py:829} INFO - Processing file /opt/airflow/dags/reddit_dag.py for tasks to queue
[2025-01-14T15:58:32.202+0000] {logging_mixin.py:151} INFO - [2025-01-14T15:58:32.202+0000] {dagbag.py:536} INFO - Filling up the DagBag from /opt/airflow/dags/reddit_dag.py
[2025-01-14T15:58:32.527+0000] {logging_mixin.py:151} INFO - [2025-01-14T15:58:32.524+0000] {dagbag.py:346} ERROR - Failed to import: /opt/airflow/dags/reddit_dag.py
Traceback (most recent call last):
  File "/usr/local/lib/python3.9/configparser.py", line 789, in get
    value = d[option]
  File "/usr/local/lib/python3.9/collections/__init__.py", line 941, in __getitem__
    return self.__missing__(key)            # support subclasses that define __missing__
  File "/usr/local/lib/python3.9/collections/__init__.py", line 933, in __missing__
    raise KeyError(key)
KeyError: 'aws_access_key_id'

During handling of the above exception, another exception occurred:

Traceback (most recent call last):
  File "/home/airflow/.local/lib/python3.9/site-packages/airflow/models/dagbag.py", line 342, in parse
    loader.exec_module(new_module)
  File "<frozen importlib._bootstrap_external>", line 850, in exec_module
  File "<frozen importlib._bootstrap>", line 228, in _call_with_frames_removed
  File "/opt/airflow/dags/reddit_dag.py", line 11, in <module>
    from pipelines.reddit_pipeline import reddit_pipeline
  File "/opt/airflow/pipelines/reddit_pipeline.py", line 3, in <module>
    from etls.reddit_etl import connect_reddit, extract_posts, transform_data, load_data_to_csv
  File "/opt/airflow/etls/reddit_etl.py", line 8, in <module>
    from utils.constants import POST_FIELDS
  File "/opt/airflow/utils/constants.py", line 17, in <module>
    AWS_ACCESS_KEY_ID = parser.get('aws', 'aws_access_key_id')
  File "/usr/local/lib/python3.9/configparser.py", line 792, in get
    raise NoOptionError(option, section)
configparser.NoOptionError: No option 'aws_access_key_id' in section: 'aws'
[2025-01-14T15:58:32.527+0000] {processor.py:841} WARNING - No viable dags retrieved from /opt/airflow/dags/reddit_dag.py
[2025-01-14T15:58:32.545+0000] {processor.py:179} INFO - Processing /opt/airflow/dags/reddit_dag.py took 0.348 seconds
[2025-01-14T15:58:38.232+0000] {processor.py:157} INFO - Started process (PID=71) to work on /opt/airflow/dags/reddit_dag.py
[2025-01-14T15:58:38.233+0000] {processor.py:829} INFO - Processing file /opt/airflow/dags/reddit_dag.py for tasks to queue
[2025-01-14T15:58:38.234+0000] {logging_mixin.py:151} INFO - [2025-01-14T15:58:38.234+0000] {dagbag.py:536} INFO - Filling up the DagBag from /opt/airflow/dags/reddit_dag.py
[2025-01-14T15:58:38.570+0000] {logging_mixin.py:151} INFO - [2025-01-14T15:58:38.568+0000] {dagbag.py:346} ERROR - Failed to import: /opt/airflow/dags/reddit_dag.py
Traceback (most recent call last):
  File "/usr/local/lib/python3.9/configparser.py", line 789, in get
    value = d[option]
  File "/usr/local/lib/python3.9/collections/__init__.py", line 941, in __getitem__
    return self.__missing__(key)            # support subclasses that define __missing__
  File "/usr/local/lib/python3.9/collections/__init__.py", line 933, in __missing__
    raise KeyError(key)
KeyError: 'aws_access_key_id'

During handling of the above exception, another exception occurred:

Traceback (most recent call last):
  File "/home/airflow/.local/lib/python3.9/site-packages/airflow/models/dagbag.py", line 342, in parse
    loader.exec_module(new_module)
  File "<frozen importlib._bootstrap_external>", line 850, in exec_module
  File "<frozen importlib._bootstrap>", line 228, in _call_with_frames_removed
  File "/opt/airflow/dags/reddit_dag.py", line 11, in <module>
    from pipelines.reddit_pipeline import reddit_pipeline
  File "/opt/airflow/pipelines/reddit_pipeline.py", line 3, in <module>
    from etls.reddit_etl import connect_reddit, extract_posts, transform_data, load_data_to_csv
  File "/opt/airflow/etls/reddit_etl.py", line 8, in <module>
    from utils.constants import POST_FIELDS
  File "/opt/airflow/utils/constants.py", line 17, in <module>
    AWS_ACCESS_KEY_ID = parser.get('aws', 'aws_access_key_id')
  File "/usr/local/lib/python3.9/configparser.py", line 792, in get
    raise NoOptionError(option, section)
configparser.NoOptionError: No option 'aws_access_key_id' in section: 'aws'
[2025-01-14T15:58:38.571+0000] {processor.py:841} WARNING - No viable dags retrieved from /opt/airflow/dags/reddit_dag.py
[2025-01-14T15:58:38.588+0000] {processor.py:179} INFO - Processing /opt/airflow/dags/reddit_dag.py took 0.358 seconds
[2025-01-14T15:59:08.718+0000] {processor.py:157} INFO - Started process (PID=73) to work on /opt/airflow/dags/reddit_dag.py
[2025-01-14T15:59:08.719+0000] {processor.py:829} INFO - Processing file /opt/airflow/dags/reddit_dag.py for tasks to queue
[2025-01-14T15:59:08.721+0000] {logging_mixin.py:151} INFO - [2025-01-14T15:59:08.721+0000] {dagbag.py:536} INFO - Filling up the DagBag from /opt/airflow/dags/reddit_dag.py
[2025-01-14T15:59:09.040+0000] {logging_mixin.py:151} INFO - [2025-01-14T15:59:09.038+0000] {dagbag.py:346} ERROR - Failed to import: /opt/airflow/dags/reddit_dag.py
Traceback (most recent call last):
  File "/usr/local/lib/python3.9/configparser.py", line 789, in get
    value = d[option]
  File "/usr/local/lib/python3.9/collections/__init__.py", line 941, in __getitem__
    return self.__missing__(key)            # support subclasses that define __missing__
  File "/usr/local/lib/python3.9/collections/__init__.py", line 933, in __missing__
    raise KeyError(key)
KeyError: 'aws_access_key_id'

During handling of the above exception, another exception occurred:

Traceback (most recent call last):
  File "/home/airflow/.local/lib/python3.9/site-packages/airflow/models/dagbag.py", line 342, in parse
    loader.exec_module(new_module)
  File "<frozen importlib._bootstrap_external>", line 850, in exec_module
  File "<frozen importlib._bootstrap>", line 228, in _call_with_frames_removed
  File "/opt/airflow/dags/reddit_dag.py", line 11, in <module>
    from pipelines.reddit_pipeline import reddit_pipeline
  File "/opt/airflow/pipelines/reddit_pipeline.py", line 3, in <module>
    from etls.reddit_etl import connect_reddit, extract_posts, transform_data, load_data_to_csv
  File "/opt/airflow/etls/reddit_etl.py", line 8, in <module>
    from utils.constants import POST_FIELDS
  File "/opt/airflow/utils/constants.py", line 17, in <module>
    AWS_ACCESS_KEY_ID = parser.get('aws', 'aws_access_key_id')
  File "/usr/local/lib/python3.9/configparser.py", line 792, in get
    raise NoOptionError(option, section)
configparser.NoOptionError: No option 'aws_access_key_id' in section: 'aws'
[2025-01-14T15:59:09.040+0000] {processor.py:841} WARNING - No viable dags retrieved from /opt/airflow/dags/reddit_dag.py
[2025-01-14T15:59:09.057+0000] {processor.py:179} INFO - Processing /opt/airflow/dags/reddit_dag.py took 0.342 seconds
[2025-01-14T15:59:39.176+0000] {processor.py:157} INFO - Started process (PID=75) to work on /opt/airflow/dags/reddit_dag.py
[2025-01-14T15:59:39.176+0000] {processor.py:829} INFO - Processing file /opt/airflow/dags/reddit_dag.py for tasks to queue
[2025-01-14T15:59:39.179+0000] {logging_mixin.py:151} INFO - [2025-01-14T15:59:39.178+0000] {dagbag.py:536} INFO - Filling up the DagBag from /opt/airflow/dags/reddit_dag.py
[2025-01-14T15:59:39.503+0000] {logging_mixin.py:151} INFO - [2025-01-14T15:59:39.501+0000] {dagbag.py:346} ERROR - Failed to import: /opt/airflow/dags/reddit_dag.py
Traceback (most recent call last):
  File "/usr/local/lib/python3.9/configparser.py", line 789, in get
    value = d[option]
  File "/usr/local/lib/python3.9/collections/__init__.py", line 941, in __getitem__
    return self.__missing__(key)            # support subclasses that define __missing__
  File "/usr/local/lib/python3.9/collections/__init__.py", line 933, in __missing__
    raise KeyError(key)
KeyError: 'aws_access_key_id'

During handling of the above exception, another exception occurred:

Traceback (most recent call last):
  File "/home/airflow/.local/lib/python3.9/site-packages/airflow/models/dagbag.py", line 342, in parse
    loader.exec_module(new_module)
  File "<frozen importlib._bootstrap_external>", line 850, in exec_module
  File "<frozen importlib._bootstrap>", line 228, in _call_with_frames_removed
  File "/opt/airflow/dags/reddit_dag.py", line 11, in <module>
    from pipelines.reddit_pipeline import reddit_pipeline
  File "/opt/airflow/pipelines/reddit_pipeline.py", line 3, in <module>
    from etls.reddit_etl import connect_reddit, extract_posts, transform_data, load_data_to_csv
  File "/opt/airflow/etls/reddit_etl.py", line 8, in <module>
    from utils.constants import POST_FIELDS
  File "/opt/airflow/utils/constants.py", line 17, in <module>
    AWS_ACCESS_KEY_ID = parser.get('aws', 'aws_access_key_id')
  File "/usr/local/lib/python3.9/configparser.py", line 792, in get
    raise NoOptionError(option, section)
configparser.NoOptionError: No option 'aws_access_key_id' in section: 'aws'
[2025-01-14T15:59:39.504+0000] {processor.py:841} WARNING - No viable dags retrieved from /opt/airflow/dags/reddit_dag.py
[2025-01-14T15:59:39.523+0000] {processor.py:179} INFO - Processing /opt/airflow/dags/reddit_dag.py took 0.350 seconds
[2025-01-14T16:00:09.640+0000] {processor.py:157} INFO - Started process (PID=77) to work on /opt/airflow/dags/reddit_dag.py
[2025-01-14T16:00:09.641+0000] {processor.py:829} INFO - Processing file /opt/airflow/dags/reddit_dag.py for tasks to queue
[2025-01-14T16:00:09.643+0000] {logging_mixin.py:151} INFO - [2025-01-14T16:00:09.643+0000] {dagbag.py:536} INFO - Filling up the DagBag from /opt/airflow/dags/reddit_dag.py
[2025-01-14T16:00:09.938+0000] {logging_mixin.py:151} INFO - [2025-01-14T16:00:09.936+0000] {dagbag.py:346} ERROR - Failed to import: /opt/airflow/dags/reddit_dag.py
Traceback (most recent call last):
  File "/usr/local/lib/python3.9/configparser.py", line 789, in get
    value = d[option]
  File "/usr/local/lib/python3.9/collections/__init__.py", line 941, in __getitem__
    return self.__missing__(key)            # support subclasses that define __missing__
  File "/usr/local/lib/python3.9/collections/__init__.py", line 933, in __missing__
    raise KeyError(key)
KeyError: 'aws_access_key_id'

During handling of the above exception, another exception occurred:

Traceback (most recent call last):
  File "/home/airflow/.local/lib/python3.9/site-packages/airflow/models/dagbag.py", line 342, in parse
    loader.exec_module(new_module)
  File "<frozen importlib._bootstrap_external>", line 850, in exec_module
  File "<frozen importlib._bootstrap>", line 228, in _call_with_frames_removed
  File "/opt/airflow/dags/reddit_dag.py", line 11, in <module>
    from pipelines.reddit_pipeline import reddit_pipeline
  File "/opt/airflow/pipelines/reddit_pipeline.py", line 3, in <module>
    from etls.reddit_etl import connect_reddit, extract_posts, transform_data, load_data_to_csv
  File "/opt/airflow/etls/reddit_etl.py", line 8, in <module>
    from utils.constants import POST_FIELDS
  File "/opt/airflow/utils/constants.py", line 17, in <module>
    AWS_ACCESS_KEY_ID = parser.get('aws', 'aws_access_key_id')
  File "/usr/local/lib/python3.9/configparser.py", line 792, in get
    raise NoOptionError(option, section)
configparser.NoOptionError: No option 'aws_access_key_id' in section: 'aws'
[2025-01-14T16:00:09.939+0000] {processor.py:841} WARNING - No viable dags retrieved from /opt/airflow/dags/reddit_dag.py
[2025-01-14T16:00:09.959+0000] {processor.py:179} INFO - Processing /opt/airflow/dags/reddit_dag.py took 0.322 seconds
[2025-01-14T16:00:40.082+0000] {processor.py:157} INFO - Started process (PID=79) to work on /opt/airflow/dags/reddit_dag.py
[2025-01-14T16:00:40.083+0000] {processor.py:829} INFO - Processing file /opt/airflow/dags/reddit_dag.py for tasks to queue
[2025-01-14T16:00:40.085+0000] {logging_mixin.py:151} INFO - [2025-01-14T16:00:40.084+0000] {dagbag.py:536} INFO - Filling up the DagBag from /opt/airflow/dags/reddit_dag.py
[2025-01-14T16:00:40.408+0000] {logging_mixin.py:151} INFO - [2025-01-14T16:00:40.406+0000] {dagbag.py:346} ERROR - Failed to import: /opt/airflow/dags/reddit_dag.py
Traceback (most recent call last):
  File "/home/airflow/.local/lib/python3.9/site-packages/airflow/models/dagbag.py", line 342, in parse
    loader.exec_module(new_module)
  File "<frozen importlib._bootstrap_external>", line 850, in exec_module
  File "<frozen importlib._bootstrap>", line 228, in _call_with_frames_removed
  File "/opt/airflow/dags/reddit_dag.py", line 11, in <module>
    from pipelines.reddit_pipeline import reddit_pipeline
  File "/opt/airflow/pipelines/reddit_pipeline.py", line 3, in <module>
    from etls.reddit_etl import connect_reddit, extract_posts, transform_data, load_data_to_csv
ImportError: cannot import name 'transform_data' from 'etls.reddit_etl' (/opt/airflow/etls/reddit_etl.py)
[2025-01-14T16:00:40.408+0000] {processor.py:841} WARNING - No viable dags retrieved from /opt/airflow/dags/reddit_dag.py
[2025-01-14T16:00:40.427+0000] {processor.py:179} INFO - Processing /opt/airflow/dags/reddit_dag.py took 0.347 seconds
[2025-01-14T16:01:10.547+0000] {processor.py:157} INFO - Started process (PID=81) to work on /opt/airflow/dags/reddit_dag.py
[2025-01-14T16:01:10.548+0000] {processor.py:829} INFO - Processing file /opt/airflow/dags/reddit_dag.py for tasks to queue
[2025-01-14T16:01:10.549+0000] {logging_mixin.py:151} INFO - [2025-01-14T16:01:10.549+0000] {dagbag.py:536} INFO - Filling up the DagBag from /opt/airflow/dags/reddit_dag.py
[2025-01-14T16:01:10.841+0000] {logging_mixin.py:151} INFO - [2025-01-14T16:01:10.840+0000] {dagbag.py:346} ERROR - Failed to import: /opt/airflow/dags/reddit_dag.py
Traceback (most recent call last):
  File "/home/airflow/.local/lib/python3.9/site-packages/airflow/models/dagbag.py", line 342, in parse
    loader.exec_module(new_module)
  File "<frozen importlib._bootstrap_external>", line 850, in exec_module
  File "<frozen importlib._bootstrap>", line 228, in _call_with_frames_removed
  File "/opt/airflow/dags/reddit_dag.py", line 11, in <module>
    from pipelines.reddit_pipeline import reddit_pipeline
  File "/opt/airflow/pipelines/reddit_pipeline.py", line 3, in <module>
    from etls.reddit_etl import connect_reddit, extract_posts, transform_data, load_data_to_csv
ImportError: cannot import name 'transform_data' from 'etls.reddit_etl' (/opt/airflow/etls/reddit_etl.py)
[2025-01-14T16:01:10.842+0000] {processor.py:841} WARNING - No viable dags retrieved from /opt/airflow/dags/reddit_dag.py
[2025-01-14T16:01:10.859+0000] {processor.py:179} INFO - Processing /opt/airflow/dags/reddit_dag.py took 0.315 seconds
[2025-01-14T16:01:40.985+0000] {processor.py:157} INFO - Started process (PID=83) to work on /opt/airflow/dags/reddit_dag.py
[2025-01-14T16:01:40.986+0000] {processor.py:829} INFO - Processing file /opt/airflow/dags/reddit_dag.py for tasks to queue
[2025-01-14T16:01:40.987+0000] {logging_mixin.py:151} INFO - [2025-01-14T16:01:40.987+0000] {dagbag.py:536} INFO - Filling up the DagBag from /opt/airflow/dags/reddit_dag.py
[2025-01-14T16:01:41.294+0000] {processor.py:839} INFO - DAG(s) dict_keys(['etl_reddit_pipeline']) retrieved from /opt/airflow/dags/reddit_dag.py
[2025-01-14T16:01:41.478+0000] {logging_mixin.py:151} INFO - [2025-01-14T16:01:41.478+0000] {manager.py:499} INFO - Created Permission View: %s
[2025-01-14T16:01:41.488+0000] {logging_mixin.py:151} INFO - [2025-01-14T16:01:41.488+0000] {manager.py:499} INFO - Created Permission View: %s
[2025-01-14T16:01:41.494+0000] {logging_mixin.py:151} INFO - [2025-01-14T16:01:41.494+0000] {manager.py:499} INFO - Created Permission View: %s
[2025-01-14T16:01:41.495+0000] {logging_mixin.py:151} INFO - [2025-01-14T16:01:41.495+0000] {dag.py:2941} INFO - Sync 1 DAGs
[2025-01-14T16:01:41.507+0000] {logging_mixin.py:151} INFO - [2025-01-14T16:01:41.506+0000] {dag.py:2963} INFO - Creating ORM DAG for etl_reddit_pipeline
[2025-01-14T16:01:41.516+0000] {logging_mixin.py:151} INFO - [2025-01-14T16:01:41.516+0000] {dag.py:3722} INFO - Setting next_dagrun for etl_reddit_pipeline to 2025-01-13T00:00:00+00:00, run_after=2025-01-14T00:00:00+00:00
[2025-01-14T16:01:41.534+0000] {processor.py:179} INFO - Processing /opt/airflow/dags/reddit_dag.py took 0.552 seconds
[2025-01-14T16:02:11.669+0000] {processor.py:157} INFO - Started process (PID=85) to work on /opt/airflow/dags/reddit_dag.py
[2025-01-14T16:02:11.671+0000] {processor.py:829} INFO - Processing file /opt/airflow/dags/reddit_dag.py for tasks to queue
[2025-01-14T16:02:11.673+0000] {logging_mixin.py:151} INFO - [2025-01-14T16:02:11.672+0000] {dagbag.py:536} INFO - Filling up the DagBag from /opt/airflow/dags/reddit_dag.py
[2025-01-14T16:02:11.984+0000] {processor.py:839} INFO - DAG(s) dict_keys(['etl_reddit_pipeline']) retrieved from /opt/airflow/dags/reddit_dag.py
[2025-01-14T16:02:12.008+0000] {logging_mixin.py:151} INFO - [2025-01-14T16:02:12.008+0000] {dag.py:2941} INFO - Sync 1 DAGs
[2025-01-14T16:02:12.029+0000] {logging_mixin.py:151} INFO - [2025-01-14T16:02:12.029+0000] {dag.py:3722} INFO - Setting next_dagrun for etl_reddit_pipeline to 2025-01-13T00:00:00+00:00, run_after=2025-01-14T00:00:00+00:00
[2025-01-14T16:02:12.045+0000] {processor.py:179} INFO - Processing /opt/airflow/dags/reddit_dag.py took 0.378 seconds
[2025-01-14T16:02:42.175+0000] {processor.py:157} INFO - Started process (PID=87) to work on /opt/airflow/dags/reddit_dag.py
[2025-01-14T16:02:42.175+0000] {processor.py:829} INFO - Processing file /opt/airflow/dags/reddit_dag.py for tasks to queue
[2025-01-14T16:02:42.177+0000] {logging_mixin.py:151} INFO - [2025-01-14T16:02:42.177+0000] {dagbag.py:536} INFO - Filling up the DagBag from /opt/airflow/dags/reddit_dag.py
[2025-01-14T16:02:42.497+0000] {processor.py:839} INFO - DAG(s) dict_keys(['etl_reddit_pipeline']) retrieved from /opt/airflow/dags/reddit_dag.py
[2025-01-14T16:02:42.533+0000] {logging_mixin.py:151} INFO - [2025-01-14T16:02:42.531+0000] {dag.py:2941} INFO - Sync 1 DAGs
[2025-01-14T16:02:42.557+0000] {logging_mixin.py:151} INFO - [2025-01-14T16:02:42.557+0000] {dag.py:3722} INFO - Setting next_dagrun for etl_reddit_pipeline to 2025-01-13T00:00:00+00:00, run_after=2025-01-14T00:00:00+00:00
[2025-01-14T16:02:42.573+0000] {processor.py:179} INFO - Processing /opt/airflow/dags/reddit_dag.py took 0.401 seconds
[2025-01-14T16:03:12.701+0000] {processor.py:157} INFO - Started process (PID=89) to work on /opt/airflow/dags/reddit_dag.py
[2025-01-14T16:03:12.702+0000] {processor.py:829} INFO - Processing file /opt/airflow/dags/reddit_dag.py for tasks to queue
[2025-01-14T16:03:12.704+0000] {logging_mixin.py:151} INFO - [2025-01-14T16:03:12.704+0000] {dagbag.py:536} INFO - Filling up the DagBag from /opt/airflow/dags/reddit_dag.py
[2025-01-14T16:03:13.000+0000] {processor.py:839} INFO - DAG(s) dict_keys(['etl_reddit_pipeline']) retrieved from /opt/airflow/dags/reddit_dag.py
[2025-01-14T16:03:13.024+0000] {logging_mixin.py:151} INFO - [2025-01-14T16:03:13.024+0000] {dag.py:2941} INFO - Sync 1 DAGs
[2025-01-14T16:03:13.047+0000] {logging_mixin.py:151} INFO - [2025-01-14T16:03:13.047+0000] {dag.py:3722} INFO - Setting next_dagrun for etl_reddit_pipeline to 2025-01-13T00:00:00+00:00, run_after=2025-01-14T00:00:00+00:00
[2025-01-14T16:03:13.064+0000] {processor.py:179} INFO - Processing /opt/airflow/dags/reddit_dag.py took 0.365 seconds
[2025-01-14T16:03:43.201+0000] {processor.py:157} INFO - Started process (PID=91) to work on /opt/airflow/dags/reddit_dag.py
[2025-01-14T16:03:43.202+0000] {processor.py:829} INFO - Processing file /opt/airflow/dags/reddit_dag.py for tasks to queue
[2025-01-14T16:03:43.203+0000] {logging_mixin.py:151} INFO - [2025-01-14T16:03:43.203+0000] {dagbag.py:536} INFO - Filling up the DagBag from /opt/airflow/dags/reddit_dag.py
[2025-01-14T16:03:43.512+0000] {processor.py:839} INFO - DAG(s) dict_keys(['etl_reddit_pipeline']) retrieved from /opt/airflow/dags/reddit_dag.py
[2025-01-14T16:03:43.533+0000] {logging_mixin.py:151} INFO - [2025-01-14T16:03:43.532+0000] {dag.py:2941} INFO - Sync 1 DAGs
[2025-01-14T16:03:43.552+0000] {logging_mixin.py:151} INFO - [2025-01-14T16:03:43.552+0000] {dag.py:3722} INFO - Setting next_dagrun for etl_reddit_pipeline to 2025-01-13T00:00:00+00:00, run_after=2025-01-14T00:00:00+00:00
[2025-01-14T16:03:43.568+0000] {processor.py:179} INFO - Processing /opt/airflow/dags/reddit_dag.py took 0.370 seconds
[2025-01-14T16:04:13.703+0000] {processor.py:157} INFO - Started process (PID=93) to work on /opt/airflow/dags/reddit_dag.py
[2025-01-14T16:04:13.704+0000] {processor.py:829} INFO - Processing file /opt/airflow/dags/reddit_dag.py for tasks to queue
[2025-01-14T16:04:13.709+0000] {logging_mixin.py:151} INFO - [2025-01-14T16:04:13.709+0000] {dagbag.py:536} INFO - Filling up the DagBag from /opt/airflow/dags/reddit_dag.py
[2025-01-14T16:04:14.240+0000] {processor.py:839} INFO - DAG(s) dict_keys(['etl_reddit_pipeline']) retrieved from /opt/airflow/dags/reddit_dag.py
[2025-01-14T16:04:14.272+0000] {logging_mixin.py:151} INFO - [2025-01-14T16:04:14.271+0000] {dag.py:2941} INFO - Sync 1 DAGs
[2025-01-14T16:04:14.300+0000] {logging_mixin.py:151} INFO - [2025-01-14T16:04:14.300+0000] {dag.py:3722} INFO - Setting next_dagrun for etl_reddit_pipeline to 2025-01-13T00:00:00+00:00, run_after=2025-01-14T00:00:00+00:00
[2025-01-14T16:04:14.322+0000] {processor.py:179} INFO - Processing /opt/airflow/dags/reddit_dag.py took 0.627 seconds
[2025-01-14T16:04:44.467+0000] {processor.py:157} INFO - Started process (PID=95) to work on /opt/airflow/dags/reddit_dag.py
[2025-01-14T16:04:44.472+0000] {processor.py:829} INFO - Processing file /opt/airflow/dags/reddit_dag.py for tasks to queue
[2025-01-14T16:04:44.476+0000] {logging_mixin.py:151} INFO - [2025-01-14T16:04:44.476+0000] {dagbag.py:536} INFO - Filling up the DagBag from /opt/airflow/dags/reddit_dag.py
[2025-01-14T16:04:44.841+0000] {processor.py:839} INFO - DAG(s) dict_keys(['etl_reddit_pipeline']) retrieved from /opt/airflow/dags/reddit_dag.py
[2025-01-14T16:04:44.868+0000] {logging_mixin.py:151} INFO - [2025-01-14T16:04:44.868+0000] {dag.py:2941} INFO - Sync 1 DAGs
[2025-01-14T16:04:44.891+0000] {logging_mixin.py:151} INFO - [2025-01-14T16:04:44.891+0000] {dag.py:3722} INFO - Setting next_dagrun for etl_reddit_pipeline to 2025-01-13T00:00:00+00:00, run_after=2025-01-14T00:00:00+00:00
[2025-01-14T16:04:44.908+0000] {processor.py:179} INFO - Processing /opt/airflow/dags/reddit_dag.py took 0.445 seconds
[2025-01-14T16:05:15.048+0000] {processor.py:157} INFO - Started process (PID=97) to work on /opt/airflow/dags/reddit_dag.py
[2025-01-14T16:05:15.049+0000] {processor.py:829} INFO - Processing file /opt/airflow/dags/reddit_dag.py for tasks to queue
[2025-01-14T16:05:15.050+0000] {logging_mixin.py:151} INFO - [2025-01-14T16:05:15.050+0000] {dagbag.py:536} INFO - Filling up the DagBag from /opt/airflow/dags/reddit_dag.py
[2025-01-14T16:05:15.350+0000] {processor.py:839} INFO - DAG(s) dict_keys(['etl_reddit_pipeline']) retrieved from /opt/airflow/dags/reddit_dag.py
[2025-01-14T16:05:15.374+0000] {logging_mixin.py:151} INFO - [2025-01-14T16:05:15.374+0000] {dag.py:2941} INFO - Sync 1 DAGs
[2025-01-14T16:05:15.397+0000] {logging_mixin.py:151} INFO - [2025-01-14T16:05:15.397+0000] {dag.py:3722} INFO - Setting next_dagrun for etl_reddit_pipeline to 2025-01-13T00:00:00+00:00, run_after=2025-01-14T00:00:00+00:00
[2025-01-14T16:05:15.412+0000] {processor.py:179} INFO - Processing /opt/airflow/dags/reddit_dag.py took 0.367 seconds
[2025-01-14T16:05:45.554+0000] {processor.py:157} INFO - Started process (PID=99) to work on /opt/airflow/dags/reddit_dag.py
[2025-01-14T16:05:45.555+0000] {processor.py:829} INFO - Processing file /opt/airflow/dags/reddit_dag.py for tasks to queue
[2025-01-14T16:05:45.556+0000] {logging_mixin.py:151} INFO - [2025-01-14T16:05:45.556+0000] {dagbag.py:536} INFO - Filling up the DagBag from /opt/airflow/dags/reddit_dag.py
[2025-01-14T16:05:45.856+0000] {processor.py:839} INFO - DAG(s) dict_keys(['etl_reddit_pipeline']) retrieved from /opt/airflow/dags/reddit_dag.py
[2025-01-14T16:05:45.889+0000] {logging_mixin.py:151} INFO - [2025-01-14T16:05:45.888+0000] {dag.py:2941} INFO - Sync 1 DAGs
[2025-01-14T16:05:45.911+0000] {logging_mixin.py:151} INFO - [2025-01-14T16:05:45.911+0000] {dag.py:3722} INFO - Setting next_dagrun for etl_reddit_pipeline to 2025-01-13T00:00:00+00:00, run_after=2025-01-14T00:00:00+00:00
[2025-01-14T16:05:45.929+0000] {processor.py:179} INFO - Processing /opt/airflow/dags/reddit_dag.py took 0.377 seconds
[2025-01-14T16:06:16.066+0000] {processor.py:157} INFO - Started process (PID=101) to work on /opt/airflow/dags/reddit_dag.py
[2025-01-14T16:06:16.067+0000] {processor.py:829} INFO - Processing file /opt/airflow/dags/reddit_dag.py for tasks to queue
[2025-01-14T16:06:16.068+0000] {logging_mixin.py:151} INFO - [2025-01-14T16:06:16.068+0000] {dagbag.py:536} INFO - Filling up the DagBag from /opt/airflow/dags/reddit_dag.py
[2025-01-14T16:06:16.383+0000] {processor.py:839} INFO - DAG(s) dict_keys(['etl_reddit_pipeline']) retrieved from /opt/airflow/dags/reddit_dag.py
[2025-01-14T16:06:16.405+0000] {logging_mixin.py:151} INFO - [2025-01-14T16:06:16.405+0000] {dag.py:2941} INFO - Sync 1 DAGs
[2025-01-14T16:06:16.426+0000] {logging_mixin.py:151} INFO - [2025-01-14T16:06:16.426+0000] {dag.py:3722} INFO - Setting next_dagrun for etl_reddit_pipeline to 2025-01-13T00:00:00+00:00, run_after=2025-01-14T00:00:00+00:00
[2025-01-14T16:06:16.441+0000] {processor.py:179} INFO - Processing /opt/airflow/dags/reddit_dag.py took 0.378 seconds
[2025-01-14T16:06:46.583+0000] {processor.py:157} INFO - Started process (PID=103) to work on /opt/airflow/dags/reddit_dag.py
[2025-01-14T16:06:46.584+0000] {processor.py:829} INFO - Processing file /opt/airflow/dags/reddit_dag.py for tasks to queue
[2025-01-14T16:06:46.586+0000] {logging_mixin.py:151} INFO - [2025-01-14T16:06:46.586+0000] {dagbag.py:536} INFO - Filling up the DagBag from /opt/airflow/dags/reddit_dag.py
[2025-01-14T16:06:46.876+0000] {processor.py:839} INFO - DAG(s) dict_keys(['etl_reddit_pipeline']) retrieved from /opt/airflow/dags/reddit_dag.py
[2025-01-14T16:06:46.896+0000] {logging_mixin.py:151} INFO - [2025-01-14T16:06:46.895+0000] {dag.py:2941} INFO - Sync 1 DAGs
[2025-01-14T16:06:46.915+0000] {logging_mixin.py:151} INFO - [2025-01-14T16:06:46.914+0000] {dag.py:3722} INFO - Setting next_dagrun for etl_reddit_pipeline to 2025-01-13T00:00:00+00:00, run_after=2025-01-14T00:00:00+00:00
[2025-01-14T16:06:46.930+0000] {processor.py:179} INFO - Processing /opt/airflow/dags/reddit_dag.py took 0.349 seconds
[2025-01-14T16:07:17.070+0000] {processor.py:157} INFO - Started process (PID=105) to work on /opt/airflow/dags/reddit_dag.py
[2025-01-14T16:07:17.071+0000] {processor.py:829} INFO - Processing file /opt/airflow/dags/reddit_dag.py for tasks to queue
[2025-01-14T16:07:17.073+0000] {logging_mixin.py:151} INFO - [2025-01-14T16:07:17.073+0000] {dagbag.py:536} INFO - Filling up the DagBag from /opt/airflow/dags/reddit_dag.py
[2025-01-14T16:07:17.395+0000] {processor.py:839} INFO - DAG(s) dict_keys(['etl_reddit_pipeline']) retrieved from /opt/airflow/dags/reddit_dag.py
[2025-01-14T16:07:17.426+0000] {logging_mixin.py:151} INFO - [2025-01-14T16:07:17.425+0000] {dag.py:2941} INFO - Sync 1 DAGs
[2025-01-14T16:07:17.449+0000] {logging_mixin.py:151} INFO - [2025-01-14T16:07:17.449+0000] {dag.py:3722} INFO - Setting next_dagrun for etl_reddit_pipeline to 2025-01-13T00:00:00+00:00, run_after=2025-01-14T00:00:00+00:00
[2025-01-14T16:07:17.467+0000] {processor.py:179} INFO - Processing /opt/airflow/dags/reddit_dag.py took 0.400 seconds
[2025-01-14T16:07:47.607+0000] {processor.py:157} INFO - Started process (PID=107) to work on /opt/airflow/dags/reddit_dag.py
[2025-01-14T16:07:47.608+0000] {processor.py:829} INFO - Processing file /opt/airflow/dags/reddit_dag.py for tasks to queue
[2025-01-14T16:07:47.610+0000] {logging_mixin.py:151} INFO - [2025-01-14T16:07:47.610+0000] {dagbag.py:536} INFO - Filling up the DagBag from /opt/airflow/dags/reddit_dag.py
[2025-01-14T16:07:47.935+0000] {processor.py:839} INFO - DAG(s) dict_keys(['etl_reddit_pipeline']) retrieved from /opt/airflow/dags/reddit_dag.py
[2025-01-14T16:07:47.959+0000] {logging_mixin.py:151} INFO - [2025-01-14T16:07:47.958+0000] {dag.py:2941} INFO - Sync 1 DAGs
[2025-01-14T16:07:47.984+0000] {logging_mixin.py:151} INFO - [2025-01-14T16:07:47.984+0000] {dag.py:3722} INFO - Setting next_dagrun for etl_reddit_pipeline to 2025-01-14T00:00:00+00:00, run_after=2025-01-15T00:00:00+00:00
[2025-01-14T16:07:48.000+0000] {processor.py:179} INFO - Processing /opt/airflow/dags/reddit_dag.py took 0.395 seconds
[2025-01-14T16:08:18.131+0000] {processor.py:157} INFO - Started process (PID=109) to work on /opt/airflow/dags/reddit_dag.py
[2025-01-14T16:08:18.132+0000] {processor.py:829} INFO - Processing file /opt/airflow/dags/reddit_dag.py for tasks to queue
[2025-01-14T16:08:18.134+0000] {logging_mixin.py:151} INFO - [2025-01-14T16:08:18.134+0000] {dagbag.py:536} INFO - Filling up the DagBag from /opt/airflow/dags/reddit_dag.py
[2025-01-14T16:08:18.465+0000] {processor.py:839} INFO - DAG(s) dict_keys(['etl_reddit_pipeline']) retrieved from /opt/airflow/dags/reddit_dag.py
[2025-01-14T16:08:18.490+0000] {logging_mixin.py:151} INFO - [2025-01-14T16:08:18.489+0000] {dag.py:2941} INFO - Sync 1 DAGs
[2025-01-14T16:08:18.515+0000] {logging_mixin.py:151} INFO - [2025-01-14T16:08:18.515+0000] {dag.py:3722} INFO - Setting next_dagrun for etl_reddit_pipeline to 2025-01-14T00:00:00+00:00, run_after=2025-01-15T00:00:00+00:00
[2025-01-14T16:08:18.533+0000] {processor.py:179} INFO - Processing /opt/airflow/dags/reddit_dag.py took 0.405 seconds
[2025-01-14T16:08:48.671+0000] {processor.py:157} INFO - Started process (PID=111) to work on /opt/airflow/dags/reddit_dag.py
[2025-01-14T16:08:48.672+0000] {processor.py:829} INFO - Processing file /opt/airflow/dags/reddit_dag.py for tasks to queue
[2025-01-14T16:08:48.674+0000] {logging_mixin.py:151} INFO - [2025-01-14T16:08:48.674+0000] {dagbag.py:536} INFO - Filling up the DagBag from /opt/airflow/dags/reddit_dag.py
[2025-01-14T16:08:49.096+0000] {processor.py:839} INFO - DAG(s) dict_keys(['etl_reddit_pipeline']) retrieved from /opt/airflow/dags/reddit_dag.py
[2025-01-14T16:08:49.121+0000] {logging_mixin.py:151} INFO - [2025-01-14T16:08:49.120+0000] {dag.py:2941} INFO - Sync 1 DAGs
[2025-01-14T16:08:49.142+0000] {logging_mixin.py:151} INFO - [2025-01-14T16:08:49.141+0000] {dag.py:3722} INFO - Setting next_dagrun for etl_reddit_pipeline to 2025-01-14T00:00:00+00:00, run_after=2025-01-15T00:00:00+00:00
[2025-01-14T16:08:49.156+0000] {processor.py:179} INFO - Processing /opt/airflow/dags/reddit_dag.py took 0.488 seconds
[2025-01-14T16:09:19.295+0000] {processor.py:157} INFO - Started process (PID=113) to work on /opt/airflow/dags/reddit_dag.py
[2025-01-14T16:09:19.296+0000] {processor.py:829} INFO - Processing file /opt/airflow/dags/reddit_dag.py for tasks to queue
[2025-01-14T16:09:19.298+0000] {logging_mixin.py:151} INFO - [2025-01-14T16:09:19.298+0000] {dagbag.py:536} INFO - Filling up the DagBag from /opt/airflow/dags/reddit_dag.py
[2025-01-14T16:09:19.609+0000] {processor.py:839} INFO - DAG(s) dict_keys(['etl_reddit_pipeline']) retrieved from /opt/airflow/dags/reddit_dag.py
[2025-01-14T16:09:19.632+0000] {logging_mixin.py:151} INFO - [2025-01-14T16:09:19.632+0000] {dag.py:2941} INFO - Sync 1 DAGs
[2025-01-14T16:09:19.652+0000] {logging_mixin.py:151} INFO - [2025-01-14T16:09:19.652+0000] {dag.py:3722} INFO - Setting next_dagrun for etl_reddit_pipeline to 2025-01-14T00:00:00+00:00, run_after=2025-01-15T00:00:00+00:00
[2025-01-14T16:09:19.667+0000] {processor.py:179} INFO - Processing /opt/airflow/dags/reddit_dag.py took 0.374 seconds
[2025-01-14T16:09:49.804+0000] {processor.py:157} INFO - Started process (PID=115) to work on /opt/airflow/dags/reddit_dag.py
[2025-01-14T16:09:49.804+0000] {processor.py:829} INFO - Processing file /opt/airflow/dags/reddit_dag.py for tasks to queue
[2025-01-14T16:09:49.806+0000] {logging_mixin.py:151} INFO - [2025-01-14T16:09:49.806+0000] {dagbag.py:536} INFO - Filling up the DagBag from /opt/airflow/dags/reddit_dag.py
[2025-01-14T16:09:50.124+0000] {processor.py:839} INFO - DAG(s) dict_keys(['etl_reddit_pipeline']) retrieved from /opt/airflow/dags/reddit_dag.py
[2025-01-14T16:09:50.160+0000] {logging_mixin.py:151} INFO - [2025-01-14T16:09:50.159+0000] {dag.py:2941} INFO - Sync 1 DAGs
[2025-01-14T16:09:50.190+0000] {logging_mixin.py:151} INFO - [2025-01-14T16:09:50.190+0000] {dag.py:3722} INFO - Setting next_dagrun for etl_reddit_pipeline to 2025-01-14T00:00:00+00:00, run_after=2025-01-15T00:00:00+00:00
[2025-01-14T16:09:50.206+0000] {processor.py:179} INFO - Processing /opt/airflow/dags/reddit_dag.py took 0.405 seconds
[2025-01-14T16:10:20.335+0000] {processor.py:157} INFO - Started process (PID=117) to work on /opt/airflow/dags/reddit_dag.py
[2025-01-14T16:10:20.336+0000] {processor.py:829} INFO - Processing file /opt/airflow/dags/reddit_dag.py for tasks to queue
[2025-01-14T16:10:20.338+0000] {logging_mixin.py:151} INFO - [2025-01-14T16:10:20.338+0000] {dagbag.py:536} INFO - Filling up the DagBag from /opt/airflow/dags/reddit_dag.py
[2025-01-14T16:10:20.683+0000] {processor.py:839} INFO - DAG(s) dict_keys(['etl_reddit_pipeline']) retrieved from /opt/airflow/dags/reddit_dag.py
[2025-01-14T16:10:20.705+0000] {logging_mixin.py:151} INFO - [2025-01-14T16:10:20.705+0000] {dag.py:2941} INFO - Sync 1 DAGs
[2025-01-14T16:10:20.727+0000] {logging_mixin.py:151} INFO - [2025-01-14T16:10:20.727+0000] {dag.py:3722} INFO - Setting next_dagrun for etl_reddit_pipeline to 2025-01-14T00:00:00+00:00, run_after=2025-01-15T00:00:00+00:00
[2025-01-14T16:10:20.744+0000] {processor.py:179} INFO - Processing /opt/airflow/dags/reddit_dag.py took 0.412 seconds
[2025-01-14T16:10:50.877+0000] {processor.py:157} INFO - Started process (PID=119) to work on /opt/airflow/dags/reddit_dag.py
[2025-01-14T16:10:50.878+0000] {processor.py:829} INFO - Processing file /opt/airflow/dags/reddit_dag.py for tasks to queue
[2025-01-14T16:10:50.879+0000] {logging_mixin.py:151} INFO - [2025-01-14T16:10:50.879+0000] {dagbag.py:536} INFO - Filling up the DagBag from /opt/airflow/dags/reddit_dag.py
[2025-01-14T16:10:51.177+0000] {processor.py:839} INFO - DAG(s) dict_keys(['etl_reddit_pipeline']) retrieved from /opt/airflow/dags/reddit_dag.py
[2025-01-14T16:10:51.201+0000] {logging_mixin.py:151} INFO - [2025-01-14T16:10:51.200+0000] {dag.py:2941} INFO - Sync 1 DAGs
[2025-01-14T16:10:51.223+0000] {logging_mixin.py:151} INFO - [2025-01-14T16:10:51.223+0000] {dag.py:3722} INFO - Setting next_dagrun for etl_reddit_pipeline to 2025-01-14T00:00:00+00:00, run_after=2025-01-15T00:00:00+00:00
[2025-01-14T16:10:51.239+0000] {processor.py:179} INFO - Processing /opt/airflow/dags/reddit_dag.py took 0.364 seconds
[2025-01-14T16:11:21.367+0000] {processor.py:157} INFO - Started process (PID=121) to work on /opt/airflow/dags/reddit_dag.py
[2025-01-14T16:11:21.368+0000] {processor.py:829} INFO - Processing file /opt/airflow/dags/reddit_dag.py for tasks to queue
[2025-01-14T16:11:21.370+0000] {logging_mixin.py:151} INFO - [2025-01-14T16:11:21.370+0000] {dagbag.py:536} INFO - Filling up the DagBag from /opt/airflow/dags/reddit_dag.py
[2025-01-14T16:11:21.666+0000] {processor.py:839} INFO - DAG(s) dict_keys(['etl_reddit_pipeline']) retrieved from /opt/airflow/dags/reddit_dag.py
[2025-01-14T16:11:21.689+0000] {logging_mixin.py:151} INFO - [2025-01-14T16:11:21.689+0000] {dag.py:2941} INFO - Sync 1 DAGs
[2025-01-14T16:11:21.712+0000] {logging_mixin.py:151} INFO - [2025-01-14T16:11:21.712+0000] {dag.py:3722} INFO - Setting next_dagrun for etl_reddit_pipeline to 2025-01-14T00:00:00+00:00, run_after=2025-01-15T00:00:00+00:00
[2025-01-14T16:11:21.729+0000] {processor.py:179} INFO - Processing /opt/airflow/dags/reddit_dag.py took 0.364 seconds
[2025-01-14T16:11:51.858+0000] {processor.py:157} INFO - Started process (PID=123) to work on /opt/airflow/dags/reddit_dag.py
[2025-01-14T16:11:51.859+0000] {processor.py:829} INFO - Processing file /opt/airflow/dags/reddit_dag.py for tasks to queue
[2025-01-14T16:11:51.861+0000] {logging_mixin.py:151} INFO - [2025-01-14T16:11:51.860+0000] {dagbag.py:536} INFO - Filling up the DagBag from /opt/airflow/dags/reddit_dag.py
[2025-01-14T16:11:52.167+0000] {processor.py:839} INFO - DAG(s) dict_keys(['etl_reddit_pipeline']) retrieved from /opt/airflow/dags/reddit_dag.py
[2025-01-14T16:11:52.192+0000] {logging_mixin.py:151} INFO - [2025-01-14T16:11:52.191+0000] {dag.py:2941} INFO - Sync 1 DAGs
[2025-01-14T16:11:52.213+0000] {logging_mixin.py:151} INFO - [2025-01-14T16:11:52.213+0000] {dag.py:3722} INFO - Setting next_dagrun for etl_reddit_pipeline to 2025-01-14T00:00:00+00:00, run_after=2025-01-15T00:00:00+00:00
[2025-01-14T16:11:52.229+0000] {processor.py:179} INFO - Processing /opt/airflow/dags/reddit_dag.py took 0.373 seconds
[2025-01-14T16:12:22.349+0000] {processor.py:157} INFO - Started process (PID=125) to work on /opt/airflow/dags/reddit_dag.py
[2025-01-14T16:12:22.350+0000] {processor.py:829} INFO - Processing file /opt/airflow/dags/reddit_dag.py for tasks to queue
[2025-01-14T16:12:22.353+0000] {logging_mixin.py:151} INFO - [2025-01-14T16:12:22.353+0000] {dagbag.py:536} INFO - Filling up the DagBag from /opt/airflow/dags/reddit_dag.py
[2025-01-14T16:12:22.656+0000] {processor.py:839} INFO - DAG(s) dict_keys(['etl_reddit_pipeline']) retrieved from /opt/airflow/dags/reddit_dag.py
[2025-01-14T16:12:22.678+0000] {logging_mixin.py:151} INFO - [2025-01-14T16:12:22.678+0000] {dag.py:2941} INFO - Sync 1 DAGs
[2025-01-14T16:12:22.698+0000] {logging_mixin.py:151} INFO - [2025-01-14T16:12:22.698+0000] {dag.py:3722} INFO - Setting next_dagrun for etl_reddit_pipeline to 2025-01-14T00:00:00+00:00, run_after=2025-01-15T00:00:00+00:00
[2025-01-14T16:12:22.714+0000] {processor.py:179} INFO - Processing /opt/airflow/dags/reddit_dag.py took 0.369 seconds
[2025-01-14T16:12:52.845+0000] {processor.py:157} INFO - Started process (PID=127) to work on /opt/airflow/dags/reddit_dag.py
[2025-01-14T16:12:52.846+0000] {processor.py:829} INFO - Processing file /opt/airflow/dags/reddit_dag.py for tasks to queue
[2025-01-14T16:12:52.848+0000] {logging_mixin.py:151} INFO - [2025-01-14T16:12:52.847+0000] {dagbag.py:536} INFO - Filling up the DagBag from /opt/airflow/dags/reddit_dag.py
[2025-01-14T16:12:53.174+0000] {processor.py:839} INFO - DAG(s) dict_keys(['etl_reddit_pipeline']) retrieved from /opt/airflow/dags/reddit_dag.py
[2025-01-14T16:12:53.207+0000] {logging_mixin.py:151} INFO - [2025-01-14T16:12:53.206+0000] {dag.py:2941} INFO - Sync 1 DAGs
[2025-01-14T16:12:53.234+0000] {logging_mixin.py:151} INFO - [2025-01-14T16:12:53.234+0000] {dag.py:3722} INFO - Setting next_dagrun for etl_reddit_pipeline to 2025-01-14T00:00:00+00:00, run_after=2025-01-15T00:00:00+00:00
[2025-01-14T16:12:53.252+0000] {processor.py:179} INFO - Processing /opt/airflow/dags/reddit_dag.py took 0.410 seconds
[2025-01-14T16:13:23.378+0000] {processor.py:157} INFO - Started process (PID=129) to work on /opt/airflow/dags/reddit_dag.py
[2025-01-14T16:13:23.379+0000] {processor.py:829} INFO - Processing file /opt/airflow/dags/reddit_dag.py for tasks to queue
[2025-01-14T16:13:23.381+0000] {logging_mixin.py:151} INFO - [2025-01-14T16:13:23.380+0000] {dagbag.py:536} INFO - Filling up the DagBag from /opt/airflow/dags/reddit_dag.py
[2025-01-14T16:13:23.696+0000] {processor.py:839} INFO - DAG(s) dict_keys(['etl_reddit_pipeline']) retrieved from /opt/airflow/dags/reddit_dag.py
[2025-01-14T16:13:23.718+0000] {logging_mixin.py:151} INFO - [2025-01-14T16:13:23.718+0000] {dag.py:2941} INFO - Sync 1 DAGs
[2025-01-14T16:13:23.738+0000] {logging_mixin.py:151} INFO - [2025-01-14T16:13:23.738+0000] {dag.py:3722} INFO - Setting next_dagrun for etl_reddit_pipeline to 2025-01-14T00:00:00+00:00, run_after=2025-01-15T00:00:00+00:00
[2025-01-14T16:13:23.755+0000] {processor.py:179} INFO - Processing /opt/airflow/dags/reddit_dag.py took 0.380 seconds
[2025-01-14T16:13:53.880+0000] {processor.py:157} INFO - Started process (PID=131) to work on /opt/airflow/dags/reddit_dag.py
[2025-01-14T16:13:53.881+0000] {processor.py:829} INFO - Processing file /opt/airflow/dags/reddit_dag.py for tasks to queue
[2025-01-14T16:13:53.883+0000] {logging_mixin.py:151} INFO - [2025-01-14T16:13:53.883+0000] {dagbag.py:536} INFO - Filling up the DagBag from /opt/airflow/dags/reddit_dag.py
[2025-01-14T16:13:54.178+0000] {processor.py:839} INFO - DAG(s) dict_keys(['etl_reddit_pipeline']) retrieved from /opt/airflow/dags/reddit_dag.py
[2025-01-14T16:13:54.202+0000] {logging_mixin.py:151} INFO - [2025-01-14T16:13:54.200+0000] {dag.py:2941} INFO - Sync 1 DAGs
[2025-01-14T16:13:54.237+0000] {logging_mixin.py:151} INFO - [2025-01-14T16:13:54.237+0000] {dag.py:3722} INFO - Setting next_dagrun for etl_reddit_pipeline to 2025-01-14T00:00:00+00:00, run_after=2025-01-15T00:00:00+00:00
[2025-01-14T16:13:54.254+0000] {processor.py:179} INFO - Processing /opt/airflow/dags/reddit_dag.py took 0.377 seconds
[2025-01-14T16:14:24.384+0000] {processor.py:157} INFO - Started process (PID=133) to work on /opt/airflow/dags/reddit_dag.py
[2025-01-14T16:14:24.385+0000] {processor.py:829} INFO - Processing file /opt/airflow/dags/reddit_dag.py for tasks to queue
[2025-01-14T16:14:24.387+0000] {logging_mixin.py:151} INFO - [2025-01-14T16:14:24.387+0000] {dagbag.py:536} INFO - Filling up the DagBag from /opt/airflow/dags/reddit_dag.py
[2025-01-14T16:14:24.679+0000] {processor.py:839} INFO - DAG(s) dict_keys(['etl_reddit_pipeline']) retrieved from /opt/airflow/dags/reddit_dag.py
[2025-01-14T16:14:24.704+0000] {logging_mixin.py:151} INFO - [2025-01-14T16:14:24.702+0000] {dag.py:2941} INFO - Sync 1 DAGs
[2025-01-14T16:14:24.726+0000] {logging_mixin.py:151} INFO - [2025-01-14T16:14:24.726+0000] {dag.py:3722} INFO - Setting next_dagrun for etl_reddit_pipeline to 2025-01-14T00:00:00+00:00, run_after=2025-01-15T00:00:00+00:00
[2025-01-14T16:14:24.743+0000] {processor.py:179} INFO - Processing /opt/airflow/dags/reddit_dag.py took 0.361 seconds
[2025-01-14T16:14:54.873+0000] {processor.py:157} INFO - Started process (PID=135) to work on /opt/airflow/dags/reddit_dag.py
[2025-01-14T16:14:54.874+0000] {processor.py:829} INFO - Processing file /opt/airflow/dags/reddit_dag.py for tasks to queue
[2025-01-14T16:14:54.876+0000] {logging_mixin.py:151} INFO - [2025-01-14T16:14:54.876+0000] {dagbag.py:536} INFO - Filling up the DagBag from /opt/airflow/dags/reddit_dag.py
[2025-01-14T16:14:55.199+0000] {processor.py:839} INFO - DAG(s) dict_keys(['etl_reddit_pipeline']) retrieved from /opt/airflow/dags/reddit_dag.py
[2025-01-14T16:14:55.226+0000] {logging_mixin.py:151} INFO - [2025-01-14T16:14:55.225+0000] {dag.py:2941} INFO - Sync 1 DAGs
[2025-01-14T16:14:55.248+0000] {logging_mixin.py:151} INFO - [2025-01-14T16:14:55.248+0000] {dag.py:3722} INFO - Setting next_dagrun for etl_reddit_pipeline to 2025-01-14T00:00:00+00:00, run_after=2025-01-15T00:00:00+00:00
[2025-01-14T16:14:55.271+0000] {processor.py:179} INFO - Processing /opt/airflow/dags/reddit_dag.py took 0.401 seconds
[2025-01-14T16:15:25.408+0000] {processor.py:157} INFO - Started process (PID=137) to work on /opt/airflow/dags/reddit_dag.py
[2025-01-14T16:15:25.409+0000] {processor.py:829} INFO - Processing file /opt/airflow/dags/reddit_dag.py for tasks to queue
[2025-01-14T16:15:25.412+0000] {logging_mixin.py:151} INFO - [2025-01-14T16:15:25.411+0000] {dagbag.py:536} INFO - Filling up the DagBag from /opt/airflow/dags/reddit_dag.py
[2025-01-14T16:15:25.722+0000] {processor.py:839} INFO - DAG(s) dict_keys(['etl_reddit_pipeline']) retrieved from /opt/airflow/dags/reddit_dag.py
[2025-01-14T16:15:25.746+0000] {logging_mixin.py:151} INFO - [2025-01-14T16:15:25.745+0000] {dag.py:2941} INFO - Sync 1 DAGs
[2025-01-14T16:15:25.768+0000] {logging_mixin.py:151} INFO - [2025-01-14T16:15:25.768+0000] {dag.py:3722} INFO - Setting next_dagrun for etl_reddit_pipeline to 2025-01-14T00:00:00+00:00, run_after=2025-01-15T00:00:00+00:00
[2025-01-14T16:15:25.786+0000] {processor.py:179} INFO - Processing /opt/airflow/dags/reddit_dag.py took 0.381 seconds
[2025-01-14T16:15:55.907+0000] {processor.py:157} INFO - Started process (PID=139) to work on /opt/airflow/dags/reddit_dag.py
[2025-01-14T16:15:55.907+0000] {processor.py:829} INFO - Processing file /opt/airflow/dags/reddit_dag.py for tasks to queue
[2025-01-14T16:15:55.909+0000] {logging_mixin.py:151} INFO - [2025-01-14T16:15:55.909+0000] {dagbag.py:536} INFO - Filling up the DagBag from /opt/airflow/dags/reddit_dag.py
[2025-01-14T16:15:56.248+0000] {processor.py:839} INFO - DAG(s) dict_keys(['etl_reddit_pipeline']) retrieved from /opt/airflow/dags/reddit_dag.py
[2025-01-14T16:15:56.271+0000] {logging_mixin.py:151} INFO - [2025-01-14T16:15:56.271+0000] {dag.py:2941} INFO - Sync 1 DAGs
[2025-01-14T16:15:56.295+0000] {logging_mixin.py:151} INFO - [2025-01-14T16:15:56.294+0000] {dag.py:3722} INFO - Setting next_dagrun for etl_reddit_pipeline to 2025-01-14T00:00:00+00:00, run_after=2025-01-15T00:00:00+00:00
[2025-01-14T16:15:56.322+0000] {processor.py:179} INFO - Processing /opt/airflow/dags/reddit_dag.py took 0.418 seconds
[2025-01-14T16:16:26.451+0000] {processor.py:157} INFO - Started process (PID=141) to work on /opt/airflow/dags/reddit_dag.py
[2025-01-14T16:16:26.452+0000] {processor.py:829} INFO - Processing file /opt/airflow/dags/reddit_dag.py for tasks to queue
[2025-01-14T16:16:26.453+0000] {logging_mixin.py:151} INFO - [2025-01-14T16:16:26.453+0000] {dagbag.py:536} INFO - Filling up the DagBag from /opt/airflow/dags/reddit_dag.py
[2025-01-14T16:16:26.760+0000] {processor.py:839} INFO - DAG(s) dict_keys(['etl_reddit_pipeline']) retrieved from /opt/airflow/dags/reddit_dag.py
[2025-01-14T16:16:26.783+0000] {logging_mixin.py:151} INFO - [2025-01-14T16:16:26.782+0000] {dag.py:2941} INFO - Sync 1 DAGs
[2025-01-14T16:16:26.805+0000] {logging_mixin.py:151} INFO - [2025-01-14T16:16:26.804+0000] {dag.py:3722} INFO - Setting next_dagrun for etl_reddit_pipeline to 2025-01-14T00:00:00+00:00, run_after=2025-01-15T00:00:00+00:00
[2025-01-14T16:16:26.820+0000] {processor.py:179} INFO - Processing /opt/airflow/dags/reddit_dag.py took 0.372 seconds
[2025-01-14T16:16:56.953+0000] {processor.py:157} INFO - Started process (PID=143) to work on /opt/airflow/dags/reddit_dag.py
[2025-01-14T16:16:56.953+0000] {processor.py:829} INFO - Processing file /opt/airflow/dags/reddit_dag.py for tasks to queue
[2025-01-14T16:16:56.955+0000] {logging_mixin.py:151} INFO - [2025-01-14T16:16:56.955+0000] {dagbag.py:536} INFO - Filling up the DagBag from /opt/airflow/dags/reddit_dag.py
[2025-01-14T16:16:57.266+0000] {processor.py:839} INFO - DAG(s) dict_keys(['etl_reddit_pipeline']) retrieved from /opt/airflow/dags/reddit_dag.py
[2025-01-14T16:16:57.290+0000] {logging_mixin.py:151} INFO - [2025-01-14T16:16:57.290+0000] {dag.py:2941} INFO - Sync 1 DAGs
[2025-01-14T16:16:57.313+0000] {logging_mixin.py:151} INFO - [2025-01-14T16:16:57.313+0000] {dag.py:3722} INFO - Setting next_dagrun for etl_reddit_pipeline to 2025-01-14T00:00:00+00:00, run_after=2025-01-15T00:00:00+00:00
[2025-01-14T16:16:57.329+0000] {processor.py:179} INFO - Processing /opt/airflow/dags/reddit_dag.py took 0.379 seconds
[2025-01-14T16:17:27.456+0000] {processor.py:157} INFO - Started process (PID=145) to work on /opt/airflow/dags/reddit_dag.py
[2025-01-14T16:17:27.457+0000] {processor.py:829} INFO - Processing file /opt/airflow/dags/reddit_dag.py for tasks to queue
[2025-01-14T16:17:27.459+0000] {logging_mixin.py:151} INFO - [2025-01-14T16:17:27.459+0000] {dagbag.py:536} INFO - Filling up the DagBag from /opt/airflow/dags/reddit_dag.py
[2025-01-14T16:17:27.771+0000] {processor.py:839} INFO - DAG(s) dict_keys(['etl_reddit_pipeline']) retrieved from /opt/airflow/dags/reddit_dag.py
[2025-01-14T16:17:27.796+0000] {logging_mixin.py:151} INFO - [2025-01-14T16:17:27.796+0000] {dag.py:2941} INFO - Sync 1 DAGs
[2025-01-14T16:17:27.818+0000] {logging_mixin.py:151} INFO - [2025-01-14T16:17:27.818+0000] {dag.py:3722} INFO - Setting next_dagrun for etl_reddit_pipeline to 2025-01-14T00:00:00+00:00, run_after=2025-01-15T00:00:00+00:00
[2025-01-14T16:17:27.834+0000] {processor.py:179} INFO - Processing /opt/airflow/dags/reddit_dag.py took 0.381 seconds
[2025-01-14T16:17:57.959+0000] {processor.py:157} INFO - Started process (PID=147) to work on /opt/airflow/dags/reddit_dag.py
[2025-01-14T16:17:57.960+0000] {processor.py:829} INFO - Processing file /opt/airflow/dags/reddit_dag.py for tasks to queue
[2025-01-14T16:17:57.961+0000] {logging_mixin.py:151} INFO - [2025-01-14T16:17:57.961+0000] {dagbag.py:536} INFO - Filling up the DagBag from /opt/airflow/dags/reddit_dag.py
[2025-01-14T16:17:58.282+0000] {processor.py:839} INFO - DAG(s) dict_keys(['etl_reddit_pipeline']) retrieved from /opt/airflow/dags/reddit_dag.py
[2025-01-14T16:17:58.317+0000] {logging_mixin.py:151} INFO - [2025-01-14T16:17:58.317+0000] {dag.py:2941} INFO - Sync 1 DAGs
[2025-01-14T16:17:58.339+0000] {logging_mixin.py:151} INFO - [2025-01-14T16:17:58.339+0000] {dag.py:3722} INFO - Setting next_dagrun for etl_reddit_pipeline to 2025-01-14T00:00:00+00:00, run_after=2025-01-15T00:00:00+00:00
[2025-01-14T16:17:58.357+0000] {processor.py:179} INFO - Processing /opt/airflow/dags/reddit_dag.py took 0.400 seconds
[2025-01-14T16:18:28.491+0000] {processor.py:157} INFO - Started process (PID=149) to work on /opt/airflow/dags/reddit_dag.py
[2025-01-14T16:18:28.493+0000] {processor.py:829} INFO - Processing file /opt/airflow/dags/reddit_dag.py for tasks to queue
[2025-01-14T16:18:28.496+0000] {logging_mixin.py:151} INFO - [2025-01-14T16:18:28.495+0000] {dagbag.py:536} INFO - Filling up the DagBag from /opt/airflow/dags/reddit_dag.py
[2025-01-14T16:18:28.809+0000] {processor.py:839} INFO - DAG(s) dict_keys(['etl_reddit_pipeline']) retrieved from /opt/airflow/dags/reddit_dag.py
[2025-01-14T16:18:28.832+0000] {logging_mixin.py:151} INFO - [2025-01-14T16:18:28.831+0000] {dag.py:2941} INFO - Sync 1 DAGs
[2025-01-14T16:18:28.853+0000] {logging_mixin.py:151} INFO - [2025-01-14T16:18:28.852+0000] {dag.py:3722} INFO - Setting next_dagrun for etl_reddit_pipeline to 2025-01-14T00:00:00+00:00, run_after=2025-01-15T00:00:00+00:00
[2025-01-14T16:18:28.869+0000] {processor.py:179} INFO - Processing /opt/airflow/dags/reddit_dag.py took 0.380 seconds
[2025-01-14T16:18:58.995+0000] {processor.py:157} INFO - Started process (PID=151) to work on /opt/airflow/dags/reddit_dag.py
[2025-01-14T16:18:58.996+0000] {processor.py:829} INFO - Processing file /opt/airflow/dags/reddit_dag.py for tasks to queue
[2025-01-14T16:18:58.998+0000] {logging_mixin.py:151} INFO - [2025-01-14T16:18:58.998+0000] {dagbag.py:536} INFO - Filling up the DagBag from /opt/airflow/dags/reddit_dag.py
[2025-01-14T16:18:59.326+0000] {processor.py:839} INFO - DAG(s) dict_keys(['etl_reddit_pipeline']) retrieved from /opt/airflow/dags/reddit_dag.py
[2025-01-14T16:18:59.348+0000] {logging_mixin.py:151} INFO - [2025-01-14T16:18:59.348+0000] {dag.py:2941} INFO - Sync 1 DAGs
[2025-01-14T16:18:59.370+0000] {logging_mixin.py:151} INFO - [2025-01-14T16:18:59.370+0000] {dag.py:3722} INFO - Setting next_dagrun for etl_reddit_pipeline to 2025-01-14T00:00:00+00:00, run_after=2025-01-15T00:00:00+00:00
[2025-01-14T16:18:59.387+0000] {processor.py:179} INFO - Processing /opt/airflow/dags/reddit_dag.py took 0.394 seconds
[2025-01-14T16:19:29.508+0000] {processor.py:157} INFO - Started process (PID=153) to work on /opt/airflow/dags/reddit_dag.py
[2025-01-14T16:19:29.510+0000] {processor.py:829} INFO - Processing file /opt/airflow/dags/reddit_dag.py for tasks to queue
[2025-01-14T16:19:29.512+0000] {logging_mixin.py:151} INFO - [2025-01-14T16:19:29.512+0000] {dagbag.py:536} INFO - Filling up the DagBag from /opt/airflow/dags/reddit_dag.py
[2025-01-14T16:19:29.819+0000] {processor.py:839} INFO - DAG(s) dict_keys(['etl_reddit_pipeline']) retrieved from /opt/airflow/dags/reddit_dag.py
[2025-01-14T16:19:29.841+0000] {logging_mixin.py:151} INFO - [2025-01-14T16:19:29.841+0000] {dag.py:2941} INFO - Sync 1 DAGs
[2025-01-14T16:19:29.864+0000] {logging_mixin.py:151} INFO - [2025-01-14T16:19:29.864+0000] {dag.py:3722} INFO - Setting next_dagrun for etl_reddit_pipeline to 2025-01-14T00:00:00+00:00, run_after=2025-01-15T00:00:00+00:00
[2025-01-14T16:19:29.880+0000] {processor.py:179} INFO - Processing /opt/airflow/dags/reddit_dag.py took 0.375 seconds
[2025-01-14T16:20:00.010+0000] {processor.py:157} INFO - Started process (PID=155) to work on /opt/airflow/dags/reddit_dag.py
[2025-01-14T16:20:00.010+0000] {processor.py:829} INFO - Processing file /opt/airflow/dags/reddit_dag.py for tasks to queue
[2025-01-14T16:20:00.012+0000] {logging_mixin.py:151} INFO - [2025-01-14T16:20:00.012+0000] {dagbag.py:536} INFO - Filling up the DagBag from /opt/airflow/dags/reddit_dag.py
[2025-01-14T16:20:00.309+0000] {processor.py:839} INFO - DAG(s) dict_keys(['etl_reddit_pipeline']) retrieved from /opt/airflow/dags/reddit_dag.py
[2025-01-14T16:20:00.332+0000] {logging_mixin.py:151} INFO - [2025-01-14T16:20:00.331+0000] {dag.py:2941} INFO - Sync 1 DAGs
[2025-01-14T16:20:00.361+0000] {logging_mixin.py:151} INFO - [2025-01-14T16:20:00.360+0000] {dag.py:3722} INFO - Setting next_dagrun for etl_reddit_pipeline to 2025-01-14T00:00:00+00:00, run_after=2025-01-15T00:00:00+00:00
[2025-01-14T16:20:00.383+0000] {processor.py:179} INFO - Processing /opt/airflow/dags/reddit_dag.py took 0.376 seconds
[2025-01-14T16:20:30.511+0000] {processor.py:157} INFO - Started process (PID=157) to work on /opt/airflow/dags/reddit_dag.py
[2025-01-14T16:20:30.512+0000] {processor.py:829} INFO - Processing file /opt/airflow/dags/reddit_dag.py for tasks to queue
[2025-01-14T16:20:30.514+0000] {logging_mixin.py:151} INFO - [2025-01-14T16:20:30.514+0000] {dagbag.py:536} INFO - Filling up the DagBag from /opt/airflow/dags/reddit_dag.py
[2025-01-14T16:20:30.814+0000] {processor.py:839} INFO - DAG(s) dict_keys(['etl_reddit_pipeline']) retrieved from /opt/airflow/dags/reddit_dag.py
[2025-01-14T16:20:30.838+0000] {logging_mixin.py:151} INFO - [2025-01-14T16:20:30.838+0000] {dag.py:2941} INFO - Sync 1 DAGs
[2025-01-14T16:20:30.858+0000] {logging_mixin.py:151} INFO - [2025-01-14T16:20:30.858+0000] {dag.py:3722} INFO - Setting next_dagrun for etl_reddit_pipeline to 2025-01-14T00:00:00+00:00, run_after=2025-01-15T00:00:00+00:00
[2025-01-14T16:20:30.875+0000] {processor.py:179} INFO - Processing /opt/airflow/dags/reddit_dag.py took 0.366 seconds
[2025-01-14T16:21:01.000+0000] {processor.py:157} INFO - Started process (PID=159) to work on /opt/airflow/dags/reddit_dag.py
[2025-01-14T16:21:01.001+0000] {processor.py:829} INFO - Processing file /opt/airflow/dags/reddit_dag.py for tasks to queue
[2025-01-14T16:21:01.002+0000] {logging_mixin.py:151} INFO - [2025-01-14T16:21:01.002+0000] {dagbag.py:536} INFO - Filling up the DagBag from /opt/airflow/dags/reddit_dag.py
[2025-01-14T16:21:01.320+0000] {processor.py:839} INFO - DAG(s) dict_keys(['etl_reddit_pipeline']) retrieved from /opt/airflow/dags/reddit_dag.py
[2025-01-14T16:21:01.342+0000] {logging_mixin.py:151} INFO - [2025-01-14T16:21:01.342+0000] {dag.py:2941} INFO - Sync 1 DAGs
[2025-01-14T16:21:01.363+0000] {logging_mixin.py:151} INFO - [2025-01-14T16:21:01.363+0000] {dag.py:3722} INFO - Setting next_dagrun for etl_reddit_pipeline to 2025-01-14T00:00:00+00:00, run_after=2025-01-15T00:00:00+00:00
[2025-01-14T16:21:01.378+0000] {processor.py:179} INFO - Processing /opt/airflow/dags/reddit_dag.py took 0.381 seconds
[2025-01-14T16:21:31.499+0000] {processor.py:157} INFO - Started process (PID=161) to work on /opt/airflow/dags/reddit_dag.py
[2025-01-14T16:21:31.501+0000] {processor.py:829} INFO - Processing file /opt/airflow/dags/reddit_dag.py for tasks to queue
[2025-01-14T16:21:31.502+0000] {logging_mixin.py:151} INFO - [2025-01-14T16:21:31.502+0000] {dagbag.py:536} INFO - Filling up the DagBag from /opt/airflow/dags/reddit_dag.py
[2025-01-14T16:21:31.802+0000] {processor.py:839} INFO - DAG(s) dict_keys(['etl_reddit_pipeline']) retrieved from /opt/airflow/dags/reddit_dag.py
[2025-01-14T16:21:31.826+0000] {logging_mixin.py:151} INFO - [2025-01-14T16:21:31.825+0000] {dag.py:2941} INFO - Sync 1 DAGs
[2025-01-14T16:21:31.847+0000] {logging_mixin.py:151} INFO - [2025-01-14T16:21:31.847+0000] {dag.py:3722} INFO - Setting next_dagrun for etl_reddit_pipeline to 2025-01-14T00:00:00+00:00, run_after=2025-01-15T00:00:00+00:00
[2025-01-14T16:21:31.864+0000] {processor.py:179} INFO - Processing /opt/airflow/dags/reddit_dag.py took 0.368 seconds
[2025-01-14T16:22:01.995+0000] {processor.py:157} INFO - Started process (PID=163) to work on /opt/airflow/dags/reddit_dag.py
[2025-01-14T16:22:01.996+0000] {processor.py:829} INFO - Processing file /opt/airflow/dags/reddit_dag.py for tasks to queue
[2025-01-14T16:22:01.997+0000] {logging_mixin.py:151} INFO - [2025-01-14T16:22:01.997+0000] {dagbag.py:536} INFO - Filling up the DagBag from /opt/airflow/dags/reddit_dag.py
[2025-01-14T16:22:02.297+0000] {processor.py:839} INFO - DAG(s) dict_keys(['etl_reddit_pipeline']) retrieved from /opt/airflow/dags/reddit_dag.py
[2025-01-14T16:22:02.321+0000] {logging_mixin.py:151} INFO - [2025-01-14T16:22:02.320+0000] {dag.py:2941} INFO - Sync 1 DAGs
[2025-01-14T16:22:02.342+0000] {logging_mixin.py:151} INFO - [2025-01-14T16:22:02.342+0000] {dag.py:3722} INFO - Setting next_dagrun for etl_reddit_pipeline to 2025-01-14T00:00:00+00:00, run_after=2025-01-15T00:00:00+00:00
[2025-01-14T16:22:02.360+0000] {processor.py:179} INFO - Processing /opt/airflow/dags/reddit_dag.py took 0.367 seconds
[2025-01-14T16:22:32.486+0000] {processor.py:157} INFO - Started process (PID=165) to work on /opt/airflow/dags/reddit_dag.py
[2025-01-14T16:22:32.487+0000] {processor.py:829} INFO - Processing file /opt/airflow/dags/reddit_dag.py for tasks to queue
[2025-01-14T16:22:32.489+0000] {logging_mixin.py:151} INFO - [2025-01-14T16:22:32.489+0000] {dagbag.py:536} INFO - Filling up the DagBag from /opt/airflow/dags/reddit_dag.py
[2025-01-14T16:22:32.786+0000] {processor.py:839} INFO - DAG(s) dict_keys(['etl_reddit_pipeline']) retrieved from /opt/airflow/dags/reddit_dag.py
[2025-01-14T16:22:32.809+0000] {logging_mixin.py:151} INFO - [2025-01-14T16:22:32.809+0000] {dag.py:2941} INFO - Sync 1 DAGs
[2025-01-14T16:22:32.832+0000] {logging_mixin.py:151} INFO - [2025-01-14T16:22:32.832+0000] {dag.py:3722} INFO - Setting next_dagrun for etl_reddit_pipeline to 2025-01-14T00:00:00+00:00, run_after=2025-01-15T00:00:00+00:00
[2025-01-14T16:22:32.848+0000] {processor.py:179} INFO - Processing /opt/airflow/dags/reddit_dag.py took 0.365 seconds
[2025-01-14T16:23:02.978+0000] {processor.py:157} INFO - Started process (PID=167) to work on /opt/airflow/dags/reddit_dag.py
[2025-01-14T16:23:02.978+0000] {processor.py:829} INFO - Processing file /opt/airflow/dags/reddit_dag.py for tasks to queue
[2025-01-14T16:23:02.980+0000] {logging_mixin.py:151} INFO - [2025-01-14T16:23:02.980+0000] {dagbag.py:536} INFO - Filling up the DagBag from /opt/airflow/dags/reddit_dag.py
[2025-01-14T16:23:03.275+0000] {processor.py:839} INFO - DAG(s) dict_keys(['etl_reddit_pipeline']) retrieved from /opt/airflow/dags/reddit_dag.py
[2025-01-14T16:23:03.299+0000] {logging_mixin.py:151} INFO - [2025-01-14T16:23:03.297+0000] {dag.py:2941} INFO - Sync 1 DAGs
[2025-01-14T16:23:03.329+0000] {logging_mixin.py:151} INFO - [2025-01-14T16:23:03.329+0000] {dag.py:3722} INFO - Setting next_dagrun for etl_reddit_pipeline to 2025-01-14T00:00:00+00:00, run_after=2025-01-15T00:00:00+00:00
[2025-01-14T16:23:03.346+0000] {processor.py:179} INFO - Processing /opt/airflow/dags/reddit_dag.py took 0.371 seconds
[2025-01-14T16:23:33.483+0000] {processor.py:157} INFO - Started process (PID=169) to work on /opt/airflow/dags/reddit_dag.py
[2025-01-14T16:23:33.484+0000] {processor.py:829} INFO - Processing file /opt/airflow/dags/reddit_dag.py for tasks to queue
[2025-01-14T16:23:33.485+0000] {logging_mixin.py:151} INFO - [2025-01-14T16:23:33.485+0000] {dagbag.py:536} INFO - Filling up the DagBag from /opt/airflow/dags/reddit_dag.py
[2025-01-14T16:23:33.786+0000] {processor.py:839} INFO - DAG(s) dict_keys(['etl_reddit_pipeline']) retrieved from /opt/airflow/dags/reddit_dag.py
[2025-01-14T16:23:33.810+0000] {logging_mixin.py:151} INFO - [2025-01-14T16:23:33.810+0000] {dag.py:2941} INFO - Sync 1 DAGs
[2025-01-14T16:23:33.832+0000] {logging_mixin.py:151} INFO - [2025-01-14T16:23:33.832+0000] {dag.py:3722} INFO - Setting next_dagrun for etl_reddit_pipeline to 2025-01-14T00:00:00+00:00, run_after=2025-01-15T00:00:00+00:00
[2025-01-14T16:23:33.849+0000] {processor.py:179} INFO - Processing /opt/airflow/dags/reddit_dag.py took 0.368 seconds
[2025-01-14T16:24:03.983+0000] {processor.py:157} INFO - Started process (PID=171) to work on /opt/airflow/dags/reddit_dag.py
[2025-01-14T16:24:03.984+0000] {processor.py:829} INFO - Processing file /opt/airflow/dags/reddit_dag.py for tasks to queue
[2025-01-14T16:24:03.985+0000] {logging_mixin.py:151} INFO - [2025-01-14T16:24:03.985+0000] {dagbag.py:536} INFO - Filling up the DagBag from /opt/airflow/dags/reddit_dag.py
[2025-01-14T16:24:04.301+0000] {processor.py:839} INFO - DAG(s) dict_keys(['etl_reddit_pipeline']) retrieved from /opt/airflow/dags/reddit_dag.py
[2025-01-14T16:24:04.324+0000] {logging_mixin.py:151} INFO - [2025-01-14T16:24:04.324+0000] {dag.py:2941} INFO - Sync 1 DAGs
[2025-01-14T16:24:04.345+0000] {logging_mixin.py:151} INFO - [2025-01-14T16:24:04.345+0000] {dag.py:3722} INFO - Setting next_dagrun for etl_reddit_pipeline to 2025-01-14T00:00:00+00:00, run_after=2025-01-15T00:00:00+00:00
[2025-01-14T16:24:04.362+0000] {processor.py:179} INFO - Processing /opt/airflow/dags/reddit_dag.py took 0.381 seconds
[2025-01-14T16:24:34.489+0000] {processor.py:157} INFO - Started process (PID=173) to work on /opt/airflow/dags/reddit_dag.py
[2025-01-14T16:24:34.490+0000] {processor.py:829} INFO - Processing file /opt/airflow/dags/reddit_dag.py for tasks to queue
[2025-01-14T16:24:34.492+0000] {logging_mixin.py:151} INFO - [2025-01-14T16:24:34.491+0000] {dagbag.py:536} INFO - Filling up the DagBag from /opt/airflow/dags/reddit_dag.py
[2025-01-14T16:24:34.798+0000] {processor.py:839} INFO - DAG(s) dict_keys(['etl_reddit_pipeline']) retrieved from /opt/airflow/dags/reddit_dag.py
[2025-01-14T16:24:34.822+0000] {logging_mixin.py:151} INFO - [2025-01-14T16:24:34.821+0000] {dag.py:2941} INFO - Sync 1 DAGs
[2025-01-14T16:24:34.844+0000] {logging_mixin.py:151} INFO - [2025-01-14T16:24:34.843+0000] {dag.py:3722} INFO - Setting next_dagrun for etl_reddit_pipeline to 2025-01-14T00:00:00+00:00, run_after=2025-01-15T00:00:00+00:00
[2025-01-14T16:24:34.861+0000] {processor.py:179} INFO - Processing /opt/airflow/dags/reddit_dag.py took 0.375 seconds
[2025-01-14T16:25:05.019+0000] {processor.py:157} INFO - Started process (PID=175) to work on /opt/airflow/dags/reddit_dag.py
[2025-01-14T16:25:05.020+0000] {processor.py:829} INFO - Processing file /opt/airflow/dags/reddit_dag.py for tasks to queue
[2025-01-14T16:25:05.021+0000] {logging_mixin.py:151} INFO - [2025-01-14T16:25:05.021+0000] {dagbag.py:536} INFO - Filling up the DagBag from /opt/airflow/dags/reddit_dag.py
[2025-01-14T16:25:05.334+0000] {processor.py:839} INFO - DAG(s) dict_keys(['etl_reddit_pipeline']) retrieved from /opt/airflow/dags/reddit_dag.py
[2025-01-14T16:25:05.356+0000] {logging_mixin.py:151} INFO - [2025-01-14T16:25:05.356+0000] {dag.py:2941} INFO - Sync 1 DAGs
[2025-01-14T16:25:05.381+0000] {logging_mixin.py:151} INFO - [2025-01-14T16:25:05.380+0000] {dag.py:3722} INFO - Setting next_dagrun for etl_reddit_pipeline to 2025-01-14T00:00:00+00:00, run_after=2025-01-15T00:00:00+00:00
[2025-01-14T16:25:05.397+0000] {processor.py:179} INFO - Processing /opt/airflow/dags/reddit_dag.py took 0.381 seconds
[2025-01-14T16:25:35.523+0000] {processor.py:157} INFO - Started process (PID=177) to work on /opt/airflow/dags/reddit_dag.py
[2025-01-14T16:25:35.524+0000] {processor.py:829} INFO - Processing file /opt/airflow/dags/reddit_dag.py for tasks to queue
[2025-01-14T16:25:35.526+0000] {logging_mixin.py:151} INFO - [2025-01-14T16:25:35.526+0000] {dagbag.py:536} INFO - Filling up the DagBag from /opt/airflow/dags/reddit_dag.py
[2025-01-14T16:25:35.845+0000] {processor.py:839} INFO - DAG(s) dict_keys(['etl_reddit_pipeline']) retrieved from /opt/airflow/dags/reddit_dag.py
[2025-01-14T16:25:35.872+0000] {logging_mixin.py:151} INFO - [2025-01-14T16:25:35.871+0000] {dag.py:2941} INFO - Sync 1 DAGs
[2025-01-14T16:25:35.898+0000] {logging_mixin.py:151} INFO - [2025-01-14T16:25:35.898+0000] {dag.py:3722} INFO - Setting next_dagrun for etl_reddit_pipeline to 2025-01-14T00:00:00+00:00, run_after=2025-01-15T00:00:00+00:00
[2025-01-14T16:25:35.915+0000] {processor.py:179} INFO - Processing /opt/airflow/dags/reddit_dag.py took 0.395 seconds
[2025-01-14T16:26:06.081+0000] {processor.py:157} INFO - Started process (PID=179) to work on /opt/airflow/dags/reddit_dag.py
[2025-01-14T16:26:06.081+0000] {processor.py:829} INFO - Processing file /opt/airflow/dags/reddit_dag.py for tasks to queue
[2025-01-14T16:26:06.083+0000] {logging_mixin.py:151} INFO - [2025-01-14T16:26:06.083+0000] {dagbag.py:536} INFO - Filling up the DagBag from /opt/airflow/dags/reddit_dag.py
[2025-01-14T16:26:06.391+0000] {processor.py:839} INFO - DAG(s) dict_keys(['etl_reddit_pipeline']) retrieved from /opt/airflow/dags/reddit_dag.py
[2025-01-14T16:26:06.415+0000] {logging_mixin.py:151} INFO - [2025-01-14T16:26:06.414+0000] {dag.py:2941} INFO - Sync 1 DAGs
[2025-01-14T16:26:06.435+0000] {logging_mixin.py:151} INFO - [2025-01-14T16:26:06.434+0000] {dag.py:3722} INFO - Setting next_dagrun for etl_reddit_pipeline to 2025-01-14T00:00:00+00:00, run_after=2025-01-15T00:00:00+00:00
[2025-01-14T16:26:06.451+0000] {processor.py:179} INFO - Processing /opt/airflow/dags/reddit_dag.py took 0.373 seconds
[2025-01-14T16:26:36.580+0000] {processor.py:157} INFO - Started process (PID=181) to work on /opt/airflow/dags/reddit_dag.py
[2025-01-14T16:26:36.581+0000] {processor.py:829} INFO - Processing file /opt/airflow/dags/reddit_dag.py for tasks to queue
[2025-01-14T16:26:36.583+0000] {logging_mixin.py:151} INFO - [2025-01-14T16:26:36.583+0000] {dagbag.py:536} INFO - Filling up the DagBag from /opt/airflow/dags/reddit_dag.py
[2025-01-14T16:26:36.893+0000] {processor.py:839} INFO - DAG(s) dict_keys(['etl_reddit_pipeline']) retrieved from /opt/airflow/dags/reddit_dag.py
[2025-01-14T16:26:36.916+0000] {logging_mixin.py:151} INFO - [2025-01-14T16:26:36.916+0000] {dag.py:2941} INFO - Sync 1 DAGs
[2025-01-14T16:26:36.936+0000] {logging_mixin.py:151} INFO - [2025-01-14T16:26:36.936+0000] {dag.py:3722} INFO - Setting next_dagrun for etl_reddit_pipeline to 2025-01-14T00:00:00+00:00, run_after=2025-01-15T00:00:00+00:00
[2025-01-14T16:26:36.951+0000] {processor.py:179} INFO - Processing /opt/airflow/dags/reddit_dag.py took 0.374 seconds
[2025-01-14T16:27:07.072+0000] {processor.py:157} INFO - Started process (PID=183) to work on /opt/airflow/dags/reddit_dag.py
[2025-01-14T16:27:07.073+0000] {processor.py:829} INFO - Processing file /opt/airflow/dags/reddit_dag.py for tasks to queue
[2025-01-14T16:27:07.076+0000] {logging_mixin.py:151} INFO - [2025-01-14T16:27:07.075+0000] {dagbag.py:536} INFO - Filling up the DagBag from /opt/airflow/dags/reddit_dag.py
[2025-01-14T16:27:07.386+0000] {processor.py:839} INFO - DAG(s) dict_keys(['etl_reddit_pipeline']) retrieved from /opt/airflow/dags/reddit_dag.py
[2025-01-14T16:27:07.409+0000] {logging_mixin.py:151} INFO - [2025-01-14T16:27:07.408+0000] {dag.py:2941} INFO - Sync 1 DAGs
[2025-01-14T16:27:07.430+0000] {logging_mixin.py:151} INFO - [2025-01-14T16:27:07.430+0000] {dag.py:3722} INFO - Setting next_dagrun for etl_reddit_pipeline to 2025-01-14T00:00:00+00:00, run_after=2025-01-15T00:00:00+00:00
[2025-01-14T16:27:07.446+0000] {processor.py:179} INFO - Processing /opt/airflow/dags/reddit_dag.py took 0.376 seconds
[2025-01-14T16:27:37.563+0000] {processor.py:157} INFO - Started process (PID=185) to work on /opt/airflow/dags/reddit_dag.py
[2025-01-14T16:27:37.564+0000] {processor.py:829} INFO - Processing file /opt/airflow/dags/reddit_dag.py for tasks to queue
[2025-01-14T16:27:37.566+0000] {logging_mixin.py:151} INFO - [2025-01-14T16:27:37.566+0000] {dagbag.py:536} INFO - Filling up the DagBag from /opt/airflow/dags/reddit_dag.py
[2025-01-14T16:27:37.863+0000] {processor.py:839} INFO - DAG(s) dict_keys(['etl_reddit_pipeline']) retrieved from /opt/airflow/dags/reddit_dag.py
[2025-01-14T16:27:37.886+0000] {logging_mixin.py:151} INFO - [2025-01-14T16:27:37.885+0000] {dag.py:2941} INFO - Sync 1 DAGs
[2025-01-14T16:27:37.906+0000] {logging_mixin.py:151} INFO - [2025-01-14T16:27:37.906+0000] {dag.py:3722} INFO - Setting next_dagrun for etl_reddit_pipeline to 2025-01-14T00:00:00+00:00, run_after=2025-01-15T00:00:00+00:00
[2025-01-14T16:27:37.922+0000] {processor.py:179} INFO - Processing /opt/airflow/dags/reddit_dag.py took 0.361 seconds
[2025-01-14T16:28:08.046+0000] {processor.py:157} INFO - Started process (PID=187) to work on /opt/airflow/dags/reddit_dag.py
[2025-01-14T16:28:08.047+0000] {processor.py:829} INFO - Processing file /opt/airflow/dags/reddit_dag.py for tasks to queue
[2025-01-14T16:28:08.048+0000] {logging_mixin.py:151} INFO - [2025-01-14T16:28:08.048+0000] {dagbag.py:536} INFO - Filling up the DagBag from /opt/airflow/dags/reddit_dag.py
[2025-01-14T16:28:08.345+0000] {processor.py:839} INFO - DAG(s) dict_keys(['etl_reddit_pipeline']) retrieved from /opt/airflow/dags/reddit_dag.py
[2025-01-14T16:28:08.369+0000] {logging_mixin.py:151} INFO - [2025-01-14T16:28:08.368+0000] {dag.py:2941} INFO - Sync 1 DAGs
[2025-01-14T16:28:08.391+0000] {logging_mixin.py:151} INFO - [2025-01-14T16:28:08.391+0000] {dag.py:3722} INFO - Setting next_dagrun for etl_reddit_pipeline to 2025-01-14T00:00:00+00:00, run_after=2025-01-15T00:00:00+00:00
[2025-01-14T16:28:08.407+0000] {processor.py:179} INFO - Processing /opt/airflow/dags/reddit_dag.py took 0.364 seconds
[2025-01-14T16:28:38.531+0000] {processor.py:157} INFO - Started process (PID=189) to work on /opt/airflow/dags/reddit_dag.py
[2025-01-14T16:28:38.531+0000] {processor.py:829} INFO - Processing file /opt/airflow/dags/reddit_dag.py for tasks to queue
[2025-01-14T16:28:38.533+0000] {logging_mixin.py:151} INFO - [2025-01-14T16:28:38.533+0000] {dagbag.py:536} INFO - Filling up the DagBag from /opt/airflow/dags/reddit_dag.py
[2025-01-14T16:28:38.844+0000] {processor.py:839} INFO - DAG(s) dict_keys(['etl_reddit_pipeline']) retrieved from /opt/airflow/dags/reddit_dag.py
[2025-01-14T16:28:38.868+0000] {logging_mixin.py:151} INFO - [2025-01-14T16:28:38.866+0000] {dag.py:2941} INFO - Sync 1 DAGs
[2025-01-14T16:28:38.889+0000] {logging_mixin.py:151} INFO - [2025-01-14T16:28:38.889+0000] {dag.py:3722} INFO - Setting next_dagrun for etl_reddit_pipeline to 2025-01-14T00:00:00+00:00, run_after=2025-01-15T00:00:00+00:00
[2025-01-14T16:28:38.905+0000] {processor.py:179} INFO - Processing /opt/airflow/dags/reddit_dag.py took 0.377 seconds
[2025-01-14T16:29:09.036+0000] {processor.py:157} INFO - Started process (PID=191) to work on /opt/airflow/dags/reddit_dag.py
[2025-01-14T16:29:09.036+0000] {processor.py:829} INFO - Processing file /opt/airflow/dags/reddit_dag.py for tasks to queue
[2025-01-14T16:29:09.038+0000] {logging_mixin.py:151} INFO - [2025-01-14T16:29:09.038+0000] {dagbag.py:536} INFO - Filling up the DagBag from /opt/airflow/dags/reddit_dag.py
[2025-01-14T16:29:09.355+0000] {processor.py:839} INFO - DAG(s) dict_keys(['etl_reddit_pipeline']) retrieved from /opt/airflow/dags/reddit_dag.py
[2025-01-14T16:29:09.379+0000] {logging_mixin.py:151} INFO - [2025-01-14T16:29:09.378+0000] {dag.py:2941} INFO - Sync 1 DAGs
[2025-01-14T16:29:09.399+0000] {logging_mixin.py:151} INFO - [2025-01-14T16:29:09.399+0000] {dag.py:3722} INFO - Setting next_dagrun for etl_reddit_pipeline to 2025-01-14T00:00:00+00:00, run_after=2025-01-15T00:00:00+00:00
[2025-01-14T16:29:09.414+0000] {processor.py:179} INFO - Processing /opt/airflow/dags/reddit_dag.py took 0.381 seconds
[2025-01-14T16:29:39.553+0000] {processor.py:157} INFO - Started process (PID=193) to work on /opt/airflow/dags/reddit_dag.py
[2025-01-14T16:29:39.553+0000] {processor.py:829} INFO - Processing file /opt/airflow/dags/reddit_dag.py for tasks to queue
[2025-01-14T16:29:39.555+0000] {logging_mixin.py:151} INFO - [2025-01-14T16:29:39.555+0000] {dagbag.py:536} INFO - Filling up the DagBag from /opt/airflow/dags/reddit_dag.py
[2025-01-14T16:29:39.848+0000] {processor.py:839} INFO - DAG(s) dict_keys(['etl_reddit_pipeline']) retrieved from /opt/airflow/dags/reddit_dag.py
[2025-01-14T16:29:39.871+0000] {logging_mixin.py:151} INFO - [2025-01-14T16:29:39.870+0000] {dag.py:2941} INFO - Sync 1 DAGs
[2025-01-14T16:29:39.891+0000] {logging_mixin.py:151} INFO - [2025-01-14T16:29:39.891+0000] {dag.py:3722} INFO - Setting next_dagrun for etl_reddit_pipeline to 2025-01-14T00:00:00+00:00, run_after=2025-01-15T00:00:00+00:00
[2025-01-14T16:29:39.907+0000] {processor.py:179} INFO - Processing /opt/airflow/dags/reddit_dag.py took 0.356 seconds
[2025-01-14T16:30:10.027+0000] {processor.py:157} INFO - Started process (PID=195) to work on /opt/airflow/dags/reddit_dag.py
[2025-01-14T16:30:10.029+0000] {processor.py:829} INFO - Processing file /opt/airflow/dags/reddit_dag.py for tasks to queue
[2025-01-14T16:30:10.031+0000] {logging_mixin.py:151} INFO - [2025-01-14T16:30:10.031+0000] {dagbag.py:536} INFO - Filling up the DagBag from /opt/airflow/dags/reddit_dag.py
[2025-01-14T16:30:10.339+0000] {processor.py:839} INFO - DAG(s) dict_keys(['etl_reddit_pipeline']) retrieved from /opt/airflow/dags/reddit_dag.py
[2025-01-14T16:30:10.361+0000] {logging_mixin.py:151} INFO - [2025-01-14T16:30:10.361+0000] {dag.py:2941} INFO - Sync 1 DAGs
[2025-01-14T16:30:10.385+0000] {logging_mixin.py:151} INFO - [2025-01-14T16:30:10.384+0000] {dag.py:3722} INFO - Setting next_dagrun for etl_reddit_pipeline to 2025-01-14T00:00:00+00:00, run_after=2025-01-15T00:00:00+00:00
[2025-01-14T16:30:10.401+0000] {processor.py:179} INFO - Processing /opt/airflow/dags/reddit_dag.py took 0.376 seconds
[2025-01-14T16:30:40.520+0000] {processor.py:157} INFO - Started process (PID=197) to work on /opt/airflow/dags/reddit_dag.py
[2025-01-14T16:30:40.522+0000] {processor.py:829} INFO - Processing file /opt/airflow/dags/reddit_dag.py for tasks to queue
[2025-01-14T16:30:40.523+0000] {logging_mixin.py:151} INFO - [2025-01-14T16:30:40.523+0000] {dagbag.py:536} INFO - Filling up the DagBag from /opt/airflow/dags/reddit_dag.py
[2025-01-14T16:30:40.821+0000] {processor.py:839} INFO - DAG(s) dict_keys(['etl_reddit_pipeline']) retrieved from /opt/airflow/dags/reddit_dag.py
[2025-01-14T16:30:40.843+0000] {logging_mixin.py:151} INFO - [2025-01-14T16:30:40.843+0000] {dag.py:2941} INFO - Sync 1 DAGs
[2025-01-14T16:30:40.866+0000] {logging_mixin.py:151} INFO - [2025-01-14T16:30:40.866+0000] {dag.py:3722} INFO - Setting next_dagrun for etl_reddit_pipeline to 2025-01-14T00:00:00+00:00, run_after=2025-01-15T00:00:00+00:00
[2025-01-14T16:30:40.882+0000] {processor.py:179} INFO - Processing /opt/airflow/dags/reddit_dag.py took 0.364 seconds
[2025-01-14T16:31:11.008+0000] {processor.py:157} INFO - Started process (PID=199) to work on /opt/airflow/dags/reddit_dag.py
[2025-01-14T16:31:11.010+0000] {processor.py:829} INFO - Processing file /opt/airflow/dags/reddit_dag.py for tasks to queue
[2025-01-14T16:31:11.011+0000] {logging_mixin.py:151} INFO - [2025-01-14T16:31:11.011+0000] {dagbag.py:536} INFO - Filling up the DagBag from /opt/airflow/dags/reddit_dag.py
[2025-01-14T16:31:11.317+0000] {processor.py:839} INFO - DAG(s) dict_keys(['etl_reddit_pipeline']) retrieved from /opt/airflow/dags/reddit_dag.py
[2025-01-14T16:31:11.341+0000] {logging_mixin.py:151} INFO - [2025-01-14T16:31:11.340+0000] {dag.py:2941} INFO - Sync 1 DAGs
[2025-01-14T16:31:11.364+0000] {logging_mixin.py:151} INFO - [2025-01-14T16:31:11.364+0000] {dag.py:3722} INFO - Setting next_dagrun for etl_reddit_pipeline to 2025-01-14T00:00:00+00:00, run_after=2025-01-15T00:00:00+00:00
[2025-01-14T16:31:11.381+0000] {processor.py:179} INFO - Processing /opt/airflow/dags/reddit_dag.py took 0.375 seconds
[2025-01-14T16:31:41.499+0000] {processor.py:157} INFO - Started process (PID=201) to work on /opt/airflow/dags/reddit_dag.py
[2025-01-14T16:31:41.500+0000] {processor.py:829} INFO - Processing file /opt/airflow/dags/reddit_dag.py for tasks to queue
[2025-01-14T16:31:41.501+0000] {logging_mixin.py:151} INFO - [2025-01-14T16:31:41.501+0000] {dagbag.py:536} INFO - Filling up the DagBag from /opt/airflow/dags/reddit_dag.py
[2025-01-14T16:31:41.799+0000] {processor.py:839} INFO - DAG(s) dict_keys(['etl_reddit_pipeline']) retrieved from /opt/airflow/dags/reddit_dag.py
[2025-01-14T16:31:41.824+0000] {logging_mixin.py:151} INFO - [2025-01-14T16:31:41.824+0000] {dag.py:2941} INFO - Sync 1 DAGs
[2025-01-14T16:31:41.847+0000] {logging_mixin.py:151} INFO - [2025-01-14T16:31:41.846+0000] {dag.py:3722} INFO - Setting next_dagrun for etl_reddit_pipeline to 2025-01-14T00:00:00+00:00, run_after=2025-01-15T00:00:00+00:00
[2025-01-14T16:31:41.863+0000] {processor.py:179} INFO - Processing /opt/airflow/dags/reddit_dag.py took 0.367 seconds
[2025-01-14T16:32:11.989+0000] {processor.py:157} INFO - Started process (PID=203) to work on /opt/airflow/dags/reddit_dag.py
[2025-01-14T16:32:11.990+0000] {processor.py:829} INFO - Processing file /opt/airflow/dags/reddit_dag.py for tasks to queue
[2025-01-14T16:32:11.992+0000] {logging_mixin.py:151} INFO - [2025-01-14T16:32:11.992+0000] {dagbag.py:536} INFO - Filling up the DagBag from /opt/airflow/dags/reddit_dag.py
[2025-01-14T16:32:12.291+0000] {processor.py:839} INFO - DAG(s) dict_keys(['etl_reddit_pipeline']) retrieved from /opt/airflow/dags/reddit_dag.py
[2025-01-14T16:32:12.315+0000] {logging_mixin.py:151} INFO - [2025-01-14T16:32:12.315+0000] {dag.py:2941} INFO - Sync 1 DAGs
[2025-01-14T16:32:12.336+0000] {logging_mixin.py:151} INFO - [2025-01-14T16:32:12.336+0000] {dag.py:3722} INFO - Setting next_dagrun for etl_reddit_pipeline to 2025-01-14T00:00:00+00:00, run_after=2025-01-15T00:00:00+00:00
[2025-01-14T16:32:12.352+0000] {processor.py:179} INFO - Processing /opt/airflow/dags/reddit_dag.py took 0.365 seconds
[2025-01-14T16:32:42.479+0000] {processor.py:157} INFO - Started process (PID=205) to work on /opt/airflow/dags/reddit_dag.py
[2025-01-14T16:32:42.480+0000] {processor.py:829} INFO - Processing file /opt/airflow/dags/reddit_dag.py for tasks to queue
[2025-01-14T16:32:42.482+0000] {logging_mixin.py:151} INFO - [2025-01-14T16:32:42.481+0000] {dagbag.py:536} INFO - Filling up the DagBag from /opt/airflow/dags/reddit_dag.py
[2025-01-14T16:32:42.779+0000] {processor.py:839} INFO - DAG(s) dict_keys(['etl_reddit_pipeline']) retrieved from /opt/airflow/dags/reddit_dag.py
[2025-01-14T16:32:42.801+0000] {logging_mixin.py:151} INFO - [2025-01-14T16:32:42.800+0000] {dag.py:2941} INFO - Sync 1 DAGs
[2025-01-14T16:32:42.822+0000] {logging_mixin.py:151} INFO - [2025-01-14T16:32:42.822+0000] {dag.py:3722} INFO - Setting next_dagrun for etl_reddit_pipeline to 2025-01-14T00:00:00+00:00, run_after=2025-01-15T00:00:00+00:00
[2025-01-14T16:32:42.838+0000] {processor.py:179} INFO - Processing /opt/airflow/dags/reddit_dag.py took 0.362 seconds
[2025-01-14T16:33:12.959+0000] {processor.py:157} INFO - Started process (PID=207) to work on /opt/airflow/dags/reddit_dag.py
[2025-01-14T16:33:12.960+0000] {processor.py:829} INFO - Processing file /opt/airflow/dags/reddit_dag.py for tasks to queue
[2025-01-14T16:33:12.962+0000] {logging_mixin.py:151} INFO - [2025-01-14T16:33:12.962+0000] {dagbag.py:536} INFO - Filling up the DagBag from /opt/airflow/dags/reddit_dag.py
[2025-01-14T16:33:13.259+0000] {processor.py:839} INFO - DAG(s) dict_keys(['etl_reddit_pipeline']) retrieved from /opt/airflow/dags/reddit_dag.py
[2025-01-14T16:33:13.291+0000] {logging_mixin.py:151} INFO - [2025-01-14T16:33:13.291+0000] {dag.py:2941} INFO - Sync 1 DAGs
[2025-01-14T16:33:13.314+0000] {logging_mixin.py:151} INFO - [2025-01-14T16:33:13.313+0000] {dag.py:3722} INFO - Setting next_dagrun for etl_reddit_pipeline to 2025-01-14T00:00:00+00:00, run_after=2025-01-15T00:00:00+00:00
[2025-01-14T16:33:13.332+0000] {processor.py:179} INFO - Processing /opt/airflow/dags/reddit_dag.py took 0.375 seconds
[2025-01-14T16:33:43.464+0000] {processor.py:157} INFO - Started process (PID=209) to work on /opt/airflow/dags/reddit_dag.py
[2025-01-14T16:33:43.465+0000] {processor.py:829} INFO - Processing file /opt/airflow/dags/reddit_dag.py for tasks to queue
[2025-01-14T16:33:43.467+0000] {logging_mixin.py:151} INFO - [2025-01-14T16:33:43.466+0000] {dagbag.py:536} INFO - Filling up the DagBag from /opt/airflow/dags/reddit_dag.py
[2025-01-14T16:33:43.761+0000] {processor.py:839} INFO - DAG(s) dict_keys(['etl_reddit_pipeline']) retrieved from /opt/airflow/dags/reddit_dag.py
[2025-01-14T16:33:43.783+0000] {logging_mixin.py:151} INFO - [2025-01-14T16:33:43.782+0000] {dag.py:2941} INFO - Sync 1 DAGs
[2025-01-14T16:33:43.806+0000] {logging_mixin.py:151} INFO - [2025-01-14T16:33:43.806+0000] {dag.py:3722} INFO - Setting next_dagrun for etl_reddit_pipeline to 2025-01-14T00:00:00+00:00, run_after=2025-01-15T00:00:00+00:00
[2025-01-14T16:33:43.821+0000] {processor.py:179} INFO - Processing /opt/airflow/dags/reddit_dag.py took 0.361 seconds
[2025-01-14T16:34:13.941+0000] {processor.py:157} INFO - Started process (PID=211) to work on /opt/airflow/dags/reddit_dag.py
[2025-01-14T16:34:13.942+0000] {processor.py:829} INFO - Processing file /opt/airflow/dags/reddit_dag.py for tasks to queue
[2025-01-14T16:34:13.943+0000] {logging_mixin.py:151} INFO - [2025-01-14T16:34:13.943+0000] {dagbag.py:536} INFO - Filling up the DagBag from /opt/airflow/dags/reddit_dag.py
[2025-01-14T16:34:14.260+0000] {processor.py:839} INFO - DAG(s) dict_keys(['etl_reddit_pipeline']) retrieved from /opt/airflow/dags/reddit_dag.py
[2025-01-14T16:34:14.285+0000] {logging_mixin.py:151} INFO - [2025-01-14T16:34:14.283+0000] {dag.py:2941} INFO - Sync 1 DAGs
[2025-01-14T16:34:14.308+0000] {logging_mixin.py:151} INFO - [2025-01-14T16:34:14.307+0000] {dag.py:3722} INFO - Setting next_dagrun for etl_reddit_pipeline to 2025-01-14T00:00:00+00:00, run_after=2025-01-15T00:00:00+00:00
[2025-01-14T16:34:14.323+0000] {processor.py:179} INFO - Processing /opt/airflow/dags/reddit_dag.py took 0.385 seconds
[2025-01-14T16:34:44.444+0000] {processor.py:157} INFO - Started process (PID=213) to work on /opt/airflow/dags/reddit_dag.py
[2025-01-14T16:34:44.445+0000] {processor.py:829} INFO - Processing file /opt/airflow/dags/reddit_dag.py for tasks to queue
[2025-01-14T16:34:44.447+0000] {logging_mixin.py:151} INFO - [2025-01-14T16:34:44.446+0000] {dagbag.py:536} INFO - Filling up the DagBag from /opt/airflow/dags/reddit_dag.py
[2025-01-14T16:34:44.770+0000] {processor.py:839} INFO - DAG(s) dict_keys(['etl_reddit_pipeline']) retrieved from /opt/airflow/dags/reddit_dag.py
[2025-01-14T16:34:44.794+0000] {logging_mixin.py:151} INFO - [2025-01-14T16:34:44.794+0000] {dag.py:2941} INFO - Sync 1 DAGs
[2025-01-14T16:34:44.817+0000] {logging_mixin.py:151} INFO - [2025-01-14T16:34:44.817+0000] {dag.py:3722} INFO - Setting next_dagrun for etl_reddit_pipeline to 2025-01-14T00:00:00+00:00, run_after=2025-01-15T00:00:00+00:00
[2025-01-14T16:34:44.833+0000] {processor.py:179} INFO - Processing /opt/airflow/dags/reddit_dag.py took 0.391 seconds
[2025-01-14T16:35:14.956+0000] {processor.py:157} INFO - Started process (PID=215) to work on /opt/airflow/dags/reddit_dag.py
[2025-01-14T16:35:14.957+0000] {processor.py:829} INFO - Processing file /opt/airflow/dags/reddit_dag.py for tasks to queue
[2025-01-14T16:35:14.959+0000] {logging_mixin.py:151} INFO - [2025-01-14T16:35:14.959+0000] {dagbag.py:536} INFO - Filling up the DagBag from /opt/airflow/dags/reddit_dag.py
[2025-01-14T16:35:15.255+0000] {processor.py:839} INFO - DAG(s) dict_keys(['etl_reddit_pipeline']) retrieved from /opt/airflow/dags/reddit_dag.py
[2025-01-14T16:35:15.288+0000] {logging_mixin.py:151} INFO - [2025-01-14T16:35:15.287+0000] {dag.py:2941} INFO - Sync 1 DAGs
[2025-01-14T16:35:15.317+0000] {logging_mixin.py:151} INFO - [2025-01-14T16:35:15.317+0000] {dag.py:3722} INFO - Setting next_dagrun for etl_reddit_pipeline to 2025-01-14T00:00:00+00:00, run_after=2025-01-15T00:00:00+00:00
[2025-01-14T16:35:15.335+0000] {processor.py:179} INFO - Processing /opt/airflow/dags/reddit_dag.py took 0.381 seconds
[2025-01-14T16:35:45.456+0000] {processor.py:157} INFO - Started process (PID=217) to work on /opt/airflow/dags/reddit_dag.py
[2025-01-14T16:35:45.457+0000] {processor.py:829} INFO - Processing file /opt/airflow/dags/reddit_dag.py for tasks to queue
[2025-01-14T16:35:45.459+0000] {logging_mixin.py:151} INFO - [2025-01-14T16:35:45.459+0000] {dagbag.py:536} INFO - Filling up the DagBag from /opt/airflow/dags/reddit_dag.py
[2025-01-14T16:35:45.766+0000] {processor.py:839} INFO - DAG(s) dict_keys(['etl_reddit_pipeline']) retrieved from /opt/airflow/dags/reddit_dag.py
[2025-01-14T16:35:45.790+0000] {logging_mixin.py:151} INFO - [2025-01-14T16:35:45.789+0000] {dag.py:2941} INFO - Sync 1 DAGs
[2025-01-14T16:35:45.811+0000] {logging_mixin.py:151} INFO - [2025-01-14T16:35:45.811+0000] {dag.py:3722} INFO - Setting next_dagrun for etl_reddit_pipeline to 2025-01-14T00:00:00+00:00, run_after=2025-01-15T00:00:00+00:00
[2025-01-14T16:35:45.827+0000] {processor.py:179} INFO - Processing /opt/airflow/dags/reddit_dag.py took 0.373 seconds
[2025-01-14T16:36:15.957+0000] {processor.py:157} INFO - Started process (PID=219) to work on /opt/airflow/dags/reddit_dag.py
[2025-01-14T16:36:15.958+0000] {processor.py:829} INFO - Processing file /opt/airflow/dags/reddit_dag.py for tasks to queue
[2025-01-14T16:36:15.959+0000] {logging_mixin.py:151} INFO - [2025-01-14T16:36:15.959+0000] {dagbag.py:536} INFO - Filling up the DagBag from /opt/airflow/dags/reddit_dag.py
[2025-01-14T16:36:16.296+0000] {processor.py:839} INFO - DAG(s) dict_keys(['etl_reddit_pipeline']) retrieved from /opt/airflow/dags/reddit_dag.py
[2025-01-14T16:36:16.329+0000] {logging_mixin.py:151} INFO - [2025-01-14T16:36:16.328+0000] {dag.py:2941} INFO - Sync 1 DAGs
[2025-01-14T16:36:16.351+0000] {logging_mixin.py:151} INFO - [2025-01-14T16:36:16.351+0000] {dag.py:3722} INFO - Setting next_dagrun for etl_reddit_pipeline to 2025-01-14T00:00:00+00:00, run_after=2025-01-15T00:00:00+00:00
[2025-01-14T16:36:16.371+0000] {processor.py:179} INFO - Processing /opt/airflow/dags/reddit_dag.py took 0.416 seconds
[2025-01-14T16:36:46.491+0000] {processor.py:157} INFO - Started process (PID=221) to work on /opt/airflow/dags/reddit_dag.py
[2025-01-14T16:36:46.492+0000] {processor.py:829} INFO - Processing file /opt/airflow/dags/reddit_dag.py for tasks to queue
[2025-01-14T16:36:46.494+0000] {logging_mixin.py:151} INFO - [2025-01-14T16:36:46.494+0000] {dagbag.py:536} INFO - Filling up the DagBag from /opt/airflow/dags/reddit_dag.py
[2025-01-14T16:36:46.787+0000] {processor.py:839} INFO - DAG(s) dict_keys(['etl_reddit_pipeline']) retrieved from /opt/airflow/dags/reddit_dag.py
[2025-01-14T16:36:46.810+0000] {logging_mixin.py:151} INFO - [2025-01-14T16:36:46.809+0000] {dag.py:2941} INFO - Sync 1 DAGs
[2025-01-14T16:36:46.832+0000] {logging_mixin.py:151} INFO - [2025-01-14T16:36:46.832+0000] {dag.py:3722} INFO - Setting next_dagrun for etl_reddit_pipeline to 2025-01-14T00:00:00+00:00, run_after=2025-01-15T00:00:00+00:00
[2025-01-14T16:36:46.847+0000] {processor.py:179} INFO - Processing /opt/airflow/dags/reddit_dag.py took 0.359 seconds
[2025-01-14T16:37:16.974+0000] {processor.py:157} INFO - Started process (PID=223) to work on /opt/airflow/dags/reddit_dag.py
[2025-01-14T16:37:16.975+0000] {processor.py:829} INFO - Processing file /opt/airflow/dags/reddit_dag.py for tasks to queue
[2025-01-14T16:37:16.977+0000] {logging_mixin.py:151} INFO - [2025-01-14T16:37:16.977+0000] {dagbag.py:536} INFO - Filling up the DagBag from /opt/airflow/dags/reddit_dag.py
[2025-01-14T16:37:17.281+0000] {processor.py:839} INFO - DAG(s) dict_keys(['etl_reddit_pipeline']) retrieved from /opt/airflow/dags/reddit_dag.py
[2025-01-14T16:37:17.305+0000] {logging_mixin.py:151} INFO - [2025-01-14T16:37:17.303+0000] {dag.py:2941} INFO - Sync 1 DAGs
[2025-01-14T16:37:17.325+0000] {logging_mixin.py:151} INFO - [2025-01-14T16:37:17.325+0000] {dag.py:3722} INFO - Setting next_dagrun for etl_reddit_pipeline to 2025-01-14T00:00:00+00:00, run_after=2025-01-15T00:00:00+00:00
[2025-01-14T16:37:17.340+0000] {processor.py:179} INFO - Processing /opt/airflow/dags/reddit_dag.py took 0.368 seconds
[2025-01-14T16:37:47.466+0000] {processor.py:157} INFO - Started process (PID=225) to work on /opt/airflow/dags/reddit_dag.py
[2025-01-14T16:37:47.467+0000] {processor.py:829} INFO - Processing file /opt/airflow/dags/reddit_dag.py for tasks to queue
[2025-01-14T16:37:47.469+0000] {logging_mixin.py:151} INFO - [2025-01-14T16:37:47.468+0000] {dagbag.py:536} INFO - Filling up the DagBag from /opt/airflow/dags/reddit_dag.py
[2025-01-14T16:37:47.765+0000] {processor.py:839} INFO - DAG(s) dict_keys(['etl_reddit_pipeline']) retrieved from /opt/airflow/dags/reddit_dag.py
[2025-01-14T16:37:47.792+0000] {logging_mixin.py:151} INFO - [2025-01-14T16:37:47.791+0000] {dag.py:2941} INFO - Sync 1 DAGs
[2025-01-14T16:37:47.813+0000] {logging_mixin.py:151} INFO - [2025-01-14T16:37:47.813+0000] {dag.py:3722} INFO - Setting next_dagrun for etl_reddit_pipeline to 2025-01-14T00:00:00+00:00, run_after=2025-01-15T00:00:00+00:00
[2025-01-14T16:37:47.829+0000] {processor.py:179} INFO - Processing /opt/airflow/dags/reddit_dag.py took 0.366 seconds
[2025-01-14T16:38:17.961+0000] {processor.py:157} INFO - Started process (PID=227) to work on /opt/airflow/dags/reddit_dag.py
[2025-01-14T16:38:17.963+0000] {processor.py:829} INFO - Processing file /opt/airflow/dags/reddit_dag.py for tasks to queue
[2025-01-14T16:38:17.965+0000] {logging_mixin.py:151} INFO - [2025-01-14T16:38:17.965+0000] {dagbag.py:536} INFO - Filling up the DagBag from /opt/airflow/dags/reddit_dag.py
[2025-01-14T16:38:18.276+0000] {processor.py:839} INFO - DAG(s) dict_keys(['etl_reddit_pipeline']) retrieved from /opt/airflow/dags/reddit_dag.py
[2025-01-14T16:38:18.298+0000] {logging_mixin.py:151} INFO - [2025-01-14T16:38:18.297+0000] {dag.py:2941} INFO - Sync 1 DAGs
[2025-01-14T16:38:18.318+0000] {logging_mixin.py:151} INFO - [2025-01-14T16:38:18.318+0000] {dag.py:3722} INFO - Setting next_dagrun for etl_reddit_pipeline to 2025-01-14T00:00:00+00:00, run_after=2025-01-15T00:00:00+00:00
[2025-01-14T16:38:18.334+0000] {processor.py:179} INFO - Processing /opt/airflow/dags/reddit_dag.py took 0.375 seconds
[2025-01-14T16:38:48.456+0000] {processor.py:157} INFO - Started process (PID=229) to work on /opt/airflow/dags/reddit_dag.py
[2025-01-14T16:38:48.457+0000] {processor.py:829} INFO - Processing file /opt/airflow/dags/reddit_dag.py for tasks to queue
[2025-01-14T16:38:48.459+0000] {logging_mixin.py:151} INFO - [2025-01-14T16:38:48.459+0000] {dagbag.py:536} INFO - Filling up the DagBag from /opt/airflow/dags/reddit_dag.py
[2025-01-14T16:38:48.765+0000] {processor.py:839} INFO - DAG(s) dict_keys(['etl_reddit_pipeline']) retrieved from /opt/airflow/dags/reddit_dag.py
[2025-01-14T16:38:48.789+0000] {logging_mixin.py:151} INFO - [2025-01-14T16:38:48.788+0000] {dag.py:2941} INFO - Sync 1 DAGs
[2025-01-14T16:38:48.810+0000] {logging_mixin.py:151} INFO - [2025-01-14T16:38:48.810+0000] {dag.py:3722} INFO - Setting next_dagrun for etl_reddit_pipeline to 2025-01-14T00:00:00+00:00, run_after=2025-01-15T00:00:00+00:00
[2025-01-14T16:38:48.828+0000] {processor.py:179} INFO - Processing /opt/airflow/dags/reddit_dag.py took 0.374 seconds
[2025-01-14T16:39:18.958+0000] {processor.py:157} INFO - Started process (PID=231) to work on /opt/airflow/dags/reddit_dag.py
[2025-01-14T16:39:18.959+0000] {processor.py:829} INFO - Processing file /opt/airflow/dags/reddit_dag.py for tasks to queue
[2025-01-14T16:39:18.961+0000] {logging_mixin.py:151} INFO - [2025-01-14T16:39:18.960+0000] {dagbag.py:536} INFO - Filling up the DagBag from /opt/airflow/dags/reddit_dag.py
[2025-01-14T16:39:19.271+0000] {processor.py:839} INFO - DAG(s) dict_keys(['etl_reddit_pipeline']) retrieved from /opt/airflow/dags/reddit_dag.py
[2025-01-14T16:39:19.307+0000] {logging_mixin.py:151} INFO - [2025-01-14T16:39:19.307+0000] {dag.py:2941} INFO - Sync 1 DAGs
[2025-01-14T16:39:19.332+0000] {logging_mixin.py:151} INFO - [2025-01-14T16:39:19.332+0000] {dag.py:3722} INFO - Setting next_dagrun for etl_reddit_pipeline to 2025-01-14T00:00:00+00:00, run_after=2025-01-15T00:00:00+00:00
[2025-01-14T16:39:19.349+0000] {processor.py:179} INFO - Processing /opt/airflow/dags/reddit_dag.py took 0.393 seconds
[2025-01-14T16:39:49.477+0000] {processor.py:157} INFO - Started process (PID=233) to work on /opt/airflow/dags/reddit_dag.py
[2025-01-14T16:39:49.478+0000] {processor.py:829} INFO - Processing file /opt/airflow/dags/reddit_dag.py for tasks to queue
[2025-01-14T16:39:49.480+0000] {logging_mixin.py:151} INFO - [2025-01-14T16:39:49.479+0000] {dagbag.py:536} INFO - Filling up the DagBag from /opt/airflow/dags/reddit_dag.py
[2025-01-14T16:39:49.773+0000] {processor.py:839} INFO - DAG(s) dict_keys(['etl_reddit_pipeline']) retrieved from /opt/airflow/dags/reddit_dag.py
[2025-01-14T16:39:49.796+0000] {logging_mixin.py:151} INFO - [2025-01-14T16:39:49.795+0000] {dag.py:2941} INFO - Sync 1 DAGs
[2025-01-14T16:39:49.817+0000] {logging_mixin.py:151} INFO - [2025-01-14T16:39:49.817+0000] {dag.py:3722} INFO - Setting next_dagrun for etl_reddit_pipeline to 2025-01-14T00:00:00+00:00, run_after=2025-01-15T00:00:00+00:00
[2025-01-14T16:39:49.832+0000] {processor.py:179} INFO - Processing /opt/airflow/dags/reddit_dag.py took 0.358 seconds
[2025-01-14T16:40:19.958+0000] {processor.py:157} INFO - Started process (PID=235) to work on /opt/airflow/dags/reddit_dag.py
[2025-01-14T16:40:19.959+0000] {processor.py:829} INFO - Processing file /opt/airflow/dags/reddit_dag.py for tasks to queue
[2025-01-14T16:40:19.960+0000] {logging_mixin.py:151} INFO - [2025-01-14T16:40:19.960+0000] {dagbag.py:536} INFO - Filling up the DagBag from /opt/airflow/dags/reddit_dag.py
[2025-01-14T16:40:20.262+0000] {processor.py:839} INFO - DAG(s) dict_keys(['etl_reddit_pipeline']) retrieved from /opt/airflow/dags/reddit_dag.py
[2025-01-14T16:40:20.287+0000] {logging_mixin.py:151} INFO - [2025-01-14T16:40:20.286+0000] {dag.py:2941} INFO - Sync 1 DAGs
[2025-01-14T16:40:20.307+0000] {logging_mixin.py:151} INFO - [2025-01-14T16:40:20.307+0000] {dag.py:3722} INFO - Setting next_dagrun for etl_reddit_pipeline to 2025-01-14T00:00:00+00:00, run_after=2025-01-15T00:00:00+00:00
[2025-01-14T16:40:20.323+0000] {processor.py:179} INFO - Processing /opt/airflow/dags/reddit_dag.py took 0.367 seconds
[2025-01-14T16:40:50.458+0000] {processor.py:157} INFO - Started process (PID=237) to work on /opt/airflow/dags/reddit_dag.py
[2025-01-14T16:40:50.460+0000] {processor.py:829} INFO - Processing file /opt/airflow/dags/reddit_dag.py for tasks to queue
[2025-01-14T16:40:50.462+0000] {logging_mixin.py:151} INFO - [2025-01-14T16:40:50.461+0000] {dagbag.py:536} INFO - Filling up the DagBag from /opt/airflow/dags/reddit_dag.py
[2025-01-14T16:40:50.757+0000] {processor.py:839} INFO - DAG(s) dict_keys(['etl_reddit_pipeline']) retrieved from /opt/airflow/dags/reddit_dag.py
[2025-01-14T16:40:50.780+0000] {logging_mixin.py:151} INFO - [2025-01-14T16:40:50.780+0000] {dag.py:2941} INFO - Sync 1 DAGs
[2025-01-14T16:40:50.801+0000] {logging_mixin.py:151} INFO - [2025-01-14T16:40:50.800+0000] {dag.py:3722} INFO - Setting next_dagrun for etl_reddit_pipeline to 2025-01-14T00:00:00+00:00, run_after=2025-01-15T00:00:00+00:00
[2025-01-14T16:40:50.817+0000] {processor.py:179} INFO - Processing /opt/airflow/dags/reddit_dag.py took 0.361 seconds
[2025-01-14T16:41:20.943+0000] {processor.py:157} INFO - Started process (PID=239) to work on /opt/airflow/dags/reddit_dag.py
[2025-01-14T16:41:20.944+0000] {processor.py:829} INFO - Processing file /opt/airflow/dags/reddit_dag.py for tasks to queue
[2025-01-14T16:41:20.946+0000] {logging_mixin.py:151} INFO - [2025-01-14T16:41:20.945+0000] {dagbag.py:536} INFO - Filling up the DagBag from /opt/airflow/dags/reddit_dag.py
[2025-01-14T16:41:21.252+0000] {processor.py:839} INFO - DAG(s) dict_keys(['etl_reddit_pipeline']) retrieved from /opt/airflow/dags/reddit_dag.py
[2025-01-14T16:41:21.275+0000] {logging_mixin.py:151} INFO - [2025-01-14T16:41:21.275+0000] {dag.py:2941} INFO - Sync 1 DAGs
[2025-01-14T16:41:21.296+0000] {logging_mixin.py:151} INFO - [2025-01-14T16:41:21.295+0000] {dag.py:3722} INFO - Setting next_dagrun for etl_reddit_pipeline to 2025-01-14T00:00:00+00:00, run_after=2025-01-15T00:00:00+00:00
[2025-01-14T16:41:21.311+0000] {processor.py:179} INFO - Processing /opt/airflow/dags/reddit_dag.py took 0.371 seconds
[2025-01-14T16:41:51.456+0000] {processor.py:157} INFO - Started process (PID=241) to work on /opt/airflow/dags/reddit_dag.py
[2025-01-14T16:41:51.457+0000] {processor.py:829} INFO - Processing file /opt/airflow/dags/reddit_dag.py for tasks to queue
[2025-01-14T16:41:51.460+0000] {logging_mixin.py:151} INFO - [2025-01-14T16:41:51.460+0000] {dagbag.py:536} INFO - Filling up the DagBag from /opt/airflow/dags/reddit_dag.py
[2025-01-14T16:41:51.785+0000] {processor.py:839} INFO - DAG(s) dict_keys(['etl_reddit_pipeline']) retrieved from /opt/airflow/dags/reddit_dag.py
[2025-01-14T16:41:51.808+0000] {logging_mixin.py:151} INFO - [2025-01-14T16:41:51.808+0000] {dag.py:2941} INFO - Sync 1 DAGs
[2025-01-14T16:41:51.830+0000] {logging_mixin.py:151} INFO - [2025-01-14T16:41:51.830+0000] {dag.py:3722} INFO - Setting next_dagrun for etl_reddit_pipeline to 2025-01-14T00:00:00+00:00, run_after=2025-01-15T00:00:00+00:00
[2025-01-14T16:41:51.848+0000] {processor.py:179} INFO - Processing /opt/airflow/dags/reddit_dag.py took 0.401 seconds
[2025-01-14T16:42:21.985+0000] {processor.py:157} INFO - Started process (PID=243) to work on /opt/airflow/dags/reddit_dag.py
[2025-01-14T16:42:21.986+0000] {processor.py:829} INFO - Processing file /opt/airflow/dags/reddit_dag.py for tasks to queue
[2025-01-14T16:42:21.987+0000] {logging_mixin.py:151} INFO - [2025-01-14T16:42:21.987+0000] {dagbag.py:536} INFO - Filling up the DagBag from /opt/airflow/dags/reddit_dag.py
[2025-01-14T16:42:22.296+0000] {processor.py:839} INFO - DAG(s) dict_keys(['etl_reddit_pipeline']) retrieved from /opt/airflow/dags/reddit_dag.py
[2025-01-14T16:42:22.321+0000] {logging_mixin.py:151} INFO - [2025-01-14T16:42:22.320+0000] {dag.py:2941} INFO - Sync 1 DAGs
[2025-01-14T16:42:22.344+0000] {logging_mixin.py:151} INFO - [2025-01-14T16:42:22.344+0000] {dag.py:3722} INFO - Setting next_dagrun for etl_reddit_pipeline to 2025-01-14T00:00:00+00:00, run_after=2025-01-15T00:00:00+00:00
[2025-01-14T16:42:22.360+0000] {processor.py:179} INFO - Processing /opt/airflow/dags/reddit_dag.py took 0.378 seconds
[2025-01-14T16:42:52.489+0000] {processor.py:157} INFO - Started process (PID=245) to work on /opt/airflow/dags/reddit_dag.py
[2025-01-14T16:42:52.491+0000] {processor.py:829} INFO - Processing file /opt/airflow/dags/reddit_dag.py for tasks to queue
[2025-01-14T16:42:52.492+0000] {logging_mixin.py:151} INFO - [2025-01-14T16:42:52.492+0000] {dagbag.py:536} INFO - Filling up the DagBag from /opt/airflow/dags/reddit_dag.py
[2025-01-14T16:42:52.784+0000] {processor.py:839} INFO - DAG(s) dict_keys(['etl_reddit_pipeline']) retrieved from /opt/airflow/dags/reddit_dag.py
[2025-01-14T16:42:52.808+0000] {logging_mixin.py:151} INFO - [2025-01-14T16:42:52.807+0000] {dag.py:2941} INFO - Sync 1 DAGs
[2025-01-14T16:42:52.830+0000] {logging_mixin.py:151} INFO - [2025-01-14T16:42:52.829+0000] {dag.py:3722} INFO - Setting next_dagrun for etl_reddit_pipeline to 2025-01-14T00:00:00+00:00, run_after=2025-01-15T00:00:00+00:00
[2025-01-14T16:42:52.846+0000] {processor.py:179} INFO - Processing /opt/airflow/dags/reddit_dag.py took 0.360 seconds
[2025-01-14T16:43:22.972+0000] {processor.py:157} INFO - Started process (PID=247) to work on /opt/airflow/dags/reddit_dag.py
[2025-01-14T16:43:22.972+0000] {processor.py:829} INFO - Processing file /opt/airflow/dags/reddit_dag.py for tasks to queue
[2025-01-14T16:43:22.974+0000] {logging_mixin.py:151} INFO - [2025-01-14T16:43:22.973+0000] {dagbag.py:536} INFO - Filling up the DagBag from /opt/airflow/dags/reddit_dag.py
[2025-01-14T16:43:23.285+0000] {processor.py:839} INFO - DAG(s) dict_keys(['etl_reddit_pipeline']) retrieved from /opt/airflow/dags/reddit_dag.py
[2025-01-14T16:43:23.310+0000] {logging_mixin.py:151} INFO - [2025-01-14T16:43:23.309+0000] {dag.py:2941} INFO - Sync 1 DAGs
[2025-01-14T16:43:23.331+0000] {logging_mixin.py:151} INFO - [2025-01-14T16:43:23.331+0000] {dag.py:3722} INFO - Setting next_dagrun for etl_reddit_pipeline to 2025-01-14T00:00:00+00:00, run_after=2025-01-15T00:00:00+00:00
[2025-01-14T16:43:23.349+0000] {processor.py:179} INFO - Processing /opt/airflow/dags/reddit_dag.py took 0.380 seconds
